[2008-10-12 23:17:42]  Company ACE Lingua Solutions opened for Migration...

[2008-10-12 23:17:42]  *********************************************************
[2008-10-12 23:17:42]  Migration start at 23:17:42
[2008-10-12 23:17:42]  Initializing company data...
[2008-10-12 23:17:44]  Migrating Company (Batch: 1)...
[2008-10-12 23:17:44]  Migrated: 0
[2008-10-12 23:17:44]  Altered: 1
[2008-10-12 23:17:44]  Migrating Company (Batch: 2)...
[2008-10-12 23:17:44]  Migrated: 0
[2008-10-12 23:17:44]  Migrating Units (Batch: 1)...
[2008-10-12 23:17:44]  Migrated: 4
[2008-10-12 23:17:44]  Migrating Units (Batch: 2)...
[2008-10-12 23:17:44]  Migrated: 0
[2008-10-12 23:17:44]  Migrating Currency (Batch: 1)...
[2008-10-12 23:17:44]  Migrated: 0
[2008-10-12 23:17:44]  Altered: 2
[2008-10-12 23:17:44]  Migrating Currency (Batch: 2)...
[2008-10-12 23:17:44]  Migrated: 0
[2008-10-12 23:17:45]  Migrating Statutory Masters (Batch: 1)...
[2008-10-12 23:17:45]  Migrated: 50
[2008-10-12 23:17:47]  Migrating Statutory Masters (Batch: 2)...
[2008-10-12 23:17:47]  Migrated: 50
[2008-10-12 23:17:51]  Migrating Statutory Masters (Batch: 3)...
[2008-10-12 23:17:51]  Migrated: 50
[2008-10-12 23:17:55]  Migrating Statutory Masters (Batch: 4)...
[2008-10-12 23:17:55]  Migrated: 50
[2008-10-12 23:18:01]  Migrating Statutory Masters (Batch: 5)...
[2008-10-12 23:18:01]  Migrated: 50
[2008-10-12 23:18:09]  Migrating Statutory Masters (Batch: 6)...
[2008-10-12 23:18:09]  Migrated: 50
[2008-10-12 23:18:16]  Migrating Statutory Masters (Batch: 7)...
[2008-10-12 23:18:16]  Migrated: 50
[2008-10-12 23:18:21]  Migrating Statutory Masters (Batch: 8)...
[2008-10-12 23:18:21]  Migrated: 41
[2008-10-12 23:18:21]  Migrating Statutory Masters (Batch: 9)...
[2008-10-12 23:18:21]  Migrated: 0
[2008-10-12 23:18:24]  Migrating Groups (Batch: 1)...
[2008-10-12 23:18:24]  Migrated: 0
[2008-10-12 23:18:24]  Altered: 28
[2008-10-12 23:18:24]  Migrating Groups (Batch: 2)...
[2008-10-12 23:18:24]  Migrated: 0
[2008-10-12 23:18:30]  Migrating Ledgers (Batch: 1)...
[2008-10-12 23:18:30]  Migrated: 49
[2008-10-12 23:18:30]  Altered: 1
[2008-10-12 23:18:35]  Migrating Ledgers (Batch: 2)...
[2008-10-12 23:18:35]  Migrated: 50
[2008-10-12 23:18:41]  Migrating Ledgers (Batch: 3)...
[2008-10-12 23:18:41]  Migrated: 50
[2008-10-12 23:18:47]  Migrating Ledgers (Batch: 4)...
[2008-10-12 23:18:47]  Migrated: 50
[2008-10-12 23:18:52]  Migrating Ledgers (Batch: 5)...
[2008-10-12 23:18:52]  Migrated: 50
[2008-10-12 23:18:58]  Migrating Ledgers (Batch: 6)...
[2008-10-12 23:18:58]  Migrated: 50
[2008-10-12 23:19:03]  Migrating Ledgers (Batch: 7)...
[2008-10-12 23:19:03]  Migrated: 46
[2008-10-12 23:19:03]  Migrating Ledgers (Batch: 8)...
[2008-10-12 23:19:03]  Migrated: 0
[2008-10-12 23:19:04]  Migrating Stock Groups (Batch: 1)...
[2008-10-12 23:19:04]  Migrated: 3
[2008-10-12 23:19:04]  Migrating Stock Groups (Batch: 2)...
[2008-10-12 23:19:04]  Migrated: 0
[2008-10-12 23:19:04]  Migrating Stock Categories (Batch: 1)...
[2008-10-12 23:19:04]  Migrated: 0
[2008-10-12 23:19:04]  Migrating Cost Categories (Batch: 1)...
[2008-10-12 23:19:04]  Migrated: 0
[2008-10-12 23:19:04]  Altered: 1
[2008-10-12 23:19:04]  Migrating Cost Categories (Batch: 2)...
[2008-10-12 23:19:04]  Migrated: 0
[2008-10-12 23:19:04]  Migrating Cost Centers (Batch: 1)...
[2008-10-12 23:19:04]  Migrated: 0
[2008-10-12 23:19:04]  Migrating Attendance Types (Batch: 1)...
[2008-10-12 23:19:04]  Migrated: 0
[2008-10-12 23:19:04]  Migrating Employees (Batch: 1)...
[2008-10-12 23:19:04]  Migrated: 0
[2008-10-12 23:19:04]  Migrating Godowns (Batch: 1)...
[2008-10-12 23:19:04]  Migrated: 0
[2008-10-12 23:19:04]  Altered: 1
[2008-10-12 23:19:04]  Migrating Godowns (Batch: 2)...
[2008-10-12 23:19:04]  Migrated: 0
[2008-10-12 23:19:08]  Migrating Stock Items (Batch: 1)...
[2008-10-12 23:19:08]  Migrated: 50
[2008-10-12 23:19:13]  Migrating Stock Items (Batch: 2)...
[2008-10-12 23:19:13]  Migrated: 50
[2008-10-12 23:19:17]  Migrating Stock Items (Batch: 3)...
[2008-10-12 23:19:17]  Migrated: 50
[2008-10-12 23:19:18]  Migrating Stock Items (Batch: 4)...
[2008-10-12 23:19:18]  Migrated: 17
[2008-10-12 23:19:18]  Migrating Stock Items (Batch: 5)...
[2008-10-12 23:19:18]  Migrated: 0
[2008-10-12 23:19:21]  Migrating Voucher Types (Batch: 1)...
[2008-10-12 23:19:21]  Migrated: 1
[2008-10-12 23:19:21]  Altered: 23
[2008-10-12 23:19:21]  Migrating Voucher Types (Batch: 2)...
[2008-10-12 23:19:21]  Migrated: 0
[2008-10-12 23:19:21]  Migrating Client Rules (Batch: 1)...
[2008-10-12 23:19:21]  Migrated: 0
[2008-10-12 23:19:21]  Migrating Server Rules (Batch: 1)...
[2008-10-12 23:19:21]  Migrated: 0
[2008-10-12 23:19:21]  Migrating Budgets (Batch: 1)...
[2008-10-12 23:19:21]  Migrated: 0
[2008-10-12 23:19:21]  Migrating Transactions (Batch: 1)...
[2008-10-12 23:19:26]  Migrated: 50
[2008-10-12 23:19:26]  Migrating Transactions (Batch: 2)...
[2008-10-12 23:19:32]  Migrated: 50
[2008-10-12 23:19:32]  Migrating Transactions (Batch: 3)...
[2008-10-12 23:19:37]  Migrated: 50
[2008-10-12 23:19:37]  Migrating Transactions (Batch: 4)...
[2008-10-12 23:19:43]  Migrated: 50
[2008-10-12 23:19:43]  Migrating Transactions (Batch: 5)...
[2008-10-12 23:19:49]  Migrated: 50
[2008-10-12 23:19:49]  Migrating Transactions (Batch: 6)...
[2008-10-12 23:19:54]  Migrated: 50
[2008-10-12 23:19:54]  Migrating Transactions (Batch: 7)...
[2008-10-12 23:20:00]  Migrated: 50
[2008-10-12 23:20:00]  Migrating Transactions (Batch: 8)...
[2008-10-12 23:20:06]  Migrated: 50
[2008-10-12 23:20:06]  Migrating Transactions (Batch: 9)...
[2008-10-12 23:20:12]  Migrated: 50
[2008-10-12 23:20:12]  Migrating Transactions (Batch: 10)...
[2008-10-12 23:20:17]  Migrated: 50
[2008-10-12 23:20:17]  Migrating Transactions (Batch: 11)...
[2008-10-12 23:20:23]  Migrated: 50
[2008-10-12 23:20:23]  Migrating Transactions (Batch: 12)...
[2008-10-12 23:20:29]  Migrated: 50
[2008-10-12 23:20:29]  Migrating Transactions (Batch: 13)...
[2008-10-12 23:20:35]  Migrated: 50
[2008-10-12 23:20:35]  Migrating Transactions (Batch: 14)...
[2008-10-12 23:20:41]  Migrated: 50
[2008-10-12 23:20:41]  Migrating Transactions (Batch: 15)...
[2008-10-12 23:20:47]  Migrated: 50
[2008-10-12 23:20:47]  Migrating Transactions (Batch: 16)...
[2008-10-12 23:20:53]  Migrated: 50
[2008-10-12 23:20:53]  Migrating Transactions (Batch: 17)...
[2008-10-12 23:20:59]  Migrated: 50
[2008-10-12 23:20:59]  Migrating Transactions (Batch: 18)...
[2008-10-12 23:21:05]  Migrated: 50
[2008-10-12 23:21:05]  Migrating Transactions (Batch: 19)...
[2008-10-12 23:21:11]  Migrated: 50
[2008-10-12 23:21:11]  Migrating Transactions (Batch: 20)...
[2008-10-12 23:21:17]  Migrated: 50
[2008-10-12 23:21:17]  Migrating Transactions (Batch: 21)...
[2008-10-12 23:21:23]  Migrated: 50
[2008-10-12 23:21:23]  Migrating Transactions (Batch: 22)...
[2008-10-12 23:21:29]  Migrated: 50
[2008-10-12 23:21:29]  Migrating Transactions (Batch: 23)...
[2008-10-12 23:21:35]  Migrated: 50
[2008-10-12 23:21:35]  Migrating Transactions (Batch: 24)...
[2008-10-12 23:21:41]  Migrated: 50
[2008-10-12 23:21:41]  Migrating Transactions (Batch: 25)...
[2008-10-12 23:21:47]  Migrated: 50
[2008-10-12 23:21:47]  Migrating Transactions (Batch: 26)...
[2008-10-12 23:21:53]  Migrated: 50
[2008-10-12 23:21:53]  Migrating Transactions (Batch: 27)...
[2008-10-12 23:21:59]  Migrated: 50
[2008-10-12 23:21:59]  Migrating Transactions (Batch: 28)...
[2008-10-12 23:22:06]  Migrated: 50
[2008-10-12 23:22:06]  Migrating Transactions (Batch: 29)...
[2008-10-12 23:22:12]  Migrated: 50
[2008-10-12 23:22:12]  Migrating Transactions (Batch: 30)...
[2008-10-12 23:22:18]  Migrated: 50
[2008-10-12 23:22:19]  Migrating Transactions (Batch: 31)...
[2008-10-12 23:22:25]  Migrated: 50
[2008-10-12 23:22:25]  Migrating Transactions (Batch: 32)...
[2008-10-12 23:22:31]  Migrated: 50
[2008-10-12 23:22:31]  Migrating Transactions (Batch: 33)...
[2008-10-12 23:22:37]  Migrated: 50
[2008-10-12 23:22:37]  Migrating Transactions (Batch: 34)...
[2008-10-12 23:22:44]  Migrated: 50
[2008-10-12 23:22:44]  Migrating Transactions (Batch: 35)...
[2008-10-12 23:22:50]  Migrated: 50
[2008-10-12 23:22:50]  Migrating Transactions (Batch: 36)...
[2008-10-12 23:22:56]  Migrated: 50
[2008-10-12 23:22:56]  Migrating Transactions (Batch: 37)...
[2008-10-12 23:23:02]  Migrated: 50
[2008-10-12 23:23:02]  Migrating Transactions (Batch: 38)...
[2008-10-12 23:23:09]  Migrated: 50
[2008-10-12 23:23:09]  Migrating Transactions (Batch: 39)...
[2008-10-12 23:23:15]  Migrated: 50
[2008-10-12 23:23:15]  Migrating Transactions (Batch: 40)...
[2008-10-12 23:23:22]  Migrated: 50
[2008-10-12 23:23:22]  Migrating Transactions (Batch: 41)...
[2008-10-12 23:23:24]  Migrated: 15
[2008-10-12 23:23:24]  Done
[2008-10-12 23:23:30]  Migration ended at 23:23:24
[2008-10-12 23:23:30]  *********************************************************

[2008-10-12 23:23:30]  Migration tool closing 7.2 company ACE Lingua Solutions...
[2008-10-12 23:23:30]  Closed
[2008-10-12 23:24:15]  Company ACE Lingua Solutions opened for Migration...
[2008-10-12 23:24:28]  Migration tool closing 7.2 company ACE Lingua Solutions...
[2008-10-12 23:24:28]  Closed
[2008-10-12 23:28:34]  Company ACE Lingua Solutions opened for Migration...

[2008-10-12 23:28:34]  *********************************************************
[2008-10-12 23:28:34]  Migration start at 23:28:34
[2008-10-12 23:28:34]  Initializing company data...
[2008-10-12 23:28:35]  Migrating Company (Batch: 1)...
[2008-10-12 23:28:35]  Migrated: 0
[2008-10-12 23:28:35]  Altered: 1
[2008-10-12 23:28:35]  Migrating Company (Batch: 2)...
[2008-10-12 23:28:35]  Migrated: 0
[2008-10-12 23:28:36]  Migrating Units (Batch: 1)...
[2008-10-12 23:28:36]  Migrated: 4
[2008-10-12 23:28:36]  Migrating Units (Batch: 2)...
[2008-10-12 23:28:36]  Migrated: 0
[2008-10-12 23:28:36]  Migrating Currency (Batch: 1)...
[2008-10-12 23:28:36]  Migrated: 0
[2008-10-12 23:28:36]  Altered: 2
[2008-10-12 23:28:36]  Migrating Currency (Batch: 2)...
[2008-10-12 23:28:36]  Migrated: 0
[2008-10-12 23:28:37]  Migrating Statutory Masters (Batch: 1)...
[2008-10-12 23:28:37]  Migrated: 50
[2008-10-12 23:28:39]  Migrating Statutory Masters (Batch: 2)...
[2008-10-12 23:28:39]  Migrated: 50
[2008-10-12 23:28:42]  Migrating Statutory Masters (Batch: 3)...
[2008-10-12 23:28:42]  Migrated: 50
[2008-10-12 23:28:47]  Migrating Statutory Masters (Batch: 4)...
[2008-10-12 23:28:47]  Migrated: 50
[2008-10-12 23:28:53]  Migrating Statutory Masters (Batch: 5)...
[2008-10-12 23:28:53]  Migrated: 50
[2008-10-12 23:29:01]  Migrating Statutory Masters (Batch: 6)...
[2008-10-12 23:29:01]  Migrated: 50
[2008-10-12 23:29:08]  Migrating Statutory Masters (Batch: 7)...
[2008-10-12 23:29:08]  Migrated: 50
[2008-10-12 23:29:14]  Migrating Statutory Masters (Batch: 8)...
[2008-10-12 23:29:14]  Migrated: 41
[2008-10-12 23:29:14]  Migrating Statutory Masters (Batch: 9)...
[2008-10-12 23:29:14]  Migrated: 0
[2008-10-12 23:29:16]  Migrating Groups (Batch: 1)...
[2008-10-12 23:29:16]  Migrated: 0
[2008-10-12 23:29:16]  Altered: 28
[2008-10-12 23:29:16]  Migrating Groups (Batch: 2)...
[2008-10-12 23:29:16]  Migrated: 0
[2008-10-12 23:29:22]  Migrating Ledgers (Batch: 1)...
[2008-10-12 23:29:22]  Migrated: 49
[2008-10-12 23:29:22]  Altered: 1
[2008-10-12 23:29:28]  Migrating Ledgers (Batch: 2)...
[2008-10-12 23:29:28]  Migrated: 50
[2008-10-12 23:29:34]  Migrating Ledgers (Batch: 3)...
[2008-10-12 23:29:34]  Migrated: 50
[2008-10-12 23:29:39]  Migrating Ledgers (Batch: 4)...
[2008-10-12 23:29:39]  Migrated: 50
[2008-10-12 23:29:45]  Migrating Ledgers (Batch: 5)...
[2008-10-12 23:29:45]  Migrated: 50
[2008-10-12 23:29:51]  Migrating Ledgers (Batch: 6)...
[2008-10-12 23:29:51]  Migrated: 50
[2008-10-12 23:29:57]  Migrating Ledgers (Batch: 7)...
[2008-10-12 23:29:57]  Migrated: 50
[2008-10-12 23:29:59]  Migrating Ledgers (Batch: 8)...
[2008-10-12 23:29:59]  Migrated: 12
[2008-10-12 23:29:59]  Migrating Ledgers (Batch: 9)...
[2008-10-12 23:29:59]  Migrated: 0
[2008-10-12 23:29:59]  Migrating Stock Groups (Batch: 1)...
[2008-10-12 23:29:59]  Migrated: 3
[2008-10-12 23:29:59]  Migrating Stock Groups (Batch: 2)...
[2008-10-12 23:29:59]  Migrated: 0
[2008-10-12 23:29:59]  Migrating Stock Categories (Batch: 1)...
[2008-10-12 23:29:59]  Migrated: 0
[2008-10-12 23:29:59]  Migrating Cost Categories (Batch: 1)...
[2008-10-12 23:29:59]  Migrated: 0
[2008-10-12 23:29:59]  Altered: 1
[2008-10-12 23:29:59]  Migrating Cost Categories (Batch: 2)...
[2008-10-12 23:29:59]  Migrated: 0
[2008-10-12 23:29:59]  Migrating Cost Centers (Batch: 1)...
[2008-10-12 23:29:59]  Migrated: 0
[2008-10-12 23:29:59]  Migrating Attendance Types (Batch: 1)...
[2008-10-12 23:29:59]  Migrated: 0
[2008-10-12 23:29:59]  Migrating Employees (Batch: 1)...
[2008-10-12 23:29:59]  Migrated: 0
[2008-10-12 23:29:59]  Migrating Godowns (Batch: 1)...
[2008-10-12 23:29:59]  Migrated: 0
[2008-10-12 23:29:59]  Altered: 1
[2008-10-12 23:30:00]  Migrating Godowns (Batch: 2)...
[2008-10-12 23:30:00]  Migrated: 0
[2008-10-12 23:30:04]  Migrating Stock Items (Batch: 1)...
[2008-10-12 23:30:04]  Migrated: 50
[2008-10-12 23:30:08]  Migrating Stock Items (Batch: 2)...
[2008-10-12 23:30:08]  Migrated: 50
[2008-10-12 23:30:12]  Migrating Stock Items (Batch: 3)...
[2008-10-12 23:30:12]  Migrated: 50
[2008-10-12 23:30:17]  Migrating Stock Items (Batch: 4)...
[2008-10-12 23:30:17]  Migrated: 50
[2008-10-12 23:30:19]  Migrating Stock Items (Batch: 5)...
[2008-10-12 23:30:19]  Migrated: 25
[2008-10-12 23:30:19]  Migrating Stock Items (Batch: 6)...
[2008-10-12 23:30:19]  Migrated: 0
[2008-10-12 23:30:21]  Migrating Voucher Types (Batch: 1)...
[2008-10-12 23:30:21]  Migrated: 1
[2008-10-12 23:30:21]  Altered: 23
[2008-10-12 23:30:21]  Migrating Voucher Types (Batch: 2)...
[2008-10-12 23:30:21]  Migrated: 0
[2008-10-12 23:30:21]  Migrating Client Rules (Batch: 1)...
[2008-10-12 23:30:21]  Migrated: 0
[2008-10-12 23:30:21]  Migrating Server Rules (Batch: 1)...
[2008-10-12 23:30:21]  Migrated: 0
[2008-10-12 23:30:21]  Migrating Budgets (Batch: 1)...
[2008-10-12 23:30:21]  Migrated: 0
[2008-10-12 23:30:21]  Migrating Transactions (Batch: 1)...
[2008-10-12 23:30:27]  Migrated: 50
[2008-10-12 23:30:27]  Migrating Transactions (Batch: 2)...
[2008-10-12 23:30:33]  Migrated: 50
[2008-10-12 23:30:33]  Migrating Transactions (Batch: 3)...
[2008-10-12 23:30:39]  Migrated: 50
[2008-10-12 23:30:39]  Migrating Transactions (Batch: 4)...
[2008-10-12 23:30:45]  Migrated: 50
[2008-10-12 23:30:45]  Migrating Transactions (Batch: 5)...
[2008-10-12 23:30:51]  Migrated: 50
[2008-10-12 23:30:51]  Migrating Transactions (Batch: 6)...
[2008-10-12 23:30:57]  Migrated: 50
[2008-10-12 23:30:57]  Migrating Transactions (Batch: 7)...
[2008-10-12 23:31:03]  Migrated: 50
[2008-10-12 23:31:03]  Migrating Transactions (Batch: 8)...
[2008-10-12 23:31:09]  Migrated: 50
[2008-10-12 23:31:09]  Migrating Transactions (Batch: 9)...
[2008-10-12 23:31:14]  Migrated: 50
[2008-10-12 23:31:14]  Migrating Transactions (Batch: 10)...
[2008-10-12 23:31:20]  Migrated: 50
[2008-10-12 23:31:20]  Migrating Transactions (Batch: 11)...
[2008-10-12 23:31:26]  Migrated: 50
[2008-10-12 23:31:26]  Migrating Transactions (Batch: 12)...
[2008-10-12 23:31:32]  Migrated: 50
[2008-10-12 23:31:32]  Migrating Transactions (Batch: 13)...
[2008-10-12 23:31:38]  Migrated: 50
[2008-10-12 23:31:38]  Migrating Transactions (Batch: 14)...
[2008-10-12 23:31:44]  Migrated: 50
[2008-10-12 23:31:44]  Migrating Transactions (Batch: 15)...
[2008-10-12 23:31:50]  Migrated: 50
[2008-10-12 23:31:50]  Migrating Transactions (Batch: 16)...
[2008-10-12 23:31:56]  Migrated: 50
[2008-10-12 23:31:56]  Migrating Transactions (Batch: 17)...
[2008-10-12 23:32:03]  Migrated: 50
[2008-10-12 23:32:03]  Migrating Transactions (Batch: 18)...
[2008-10-12 23:32:09]  Migrated: 50
[2008-10-12 23:32:09]  Migrating Transactions (Batch: 19)...
[2008-10-12 23:32:15]  Migrated: 50
[2008-10-12 23:32:15]  Migrating Transactions (Batch: 20)...
[2008-10-12 23:32:21]  Migrated: 50
[2008-10-12 23:32:21]  Migrating Transactions (Batch: 21)...
[2008-10-12 23:32:28]  Migrated: 50
[2008-10-12 23:32:28]  Migrating Transactions (Batch: 22)...
[2008-10-12 23:32:34]  Migrated: 50
[2008-10-12 23:32:34]  Migrating Transactions (Batch: 23)...
[2008-10-12 23:32:40]  Migrated: 50
[2008-10-12 23:32:40]  Migrating Transactions (Batch: 24)...
[2008-10-12 23:32:47]  Migrated: 50
[2008-10-12 23:32:47]  Migrating Transactions (Batch: 25)...
[2008-10-12 23:32:53]  Migrated: 50
[2008-10-12 23:32:53]  Migrating Transactions (Batch: 26)...
[2008-10-12 23:32:59]  Migrated: 50
[2008-10-12 23:32:59]  Migrating Transactions (Batch: 27)...
[2008-10-12 23:33:05]  Migrated: 50
[2008-10-12 23:33:05]  Migrating Transactions (Batch: 28)...
[2008-10-12 23:33:12]  Migrated: 50
[2008-10-12 23:33:12]  Migrating Transactions (Batch: 29)...
[2008-10-12 23:33:18]  Migrated: 50
[2008-10-12 23:33:18]  Migrating Transactions (Batch: 30)...
[2008-10-12 23:33:25]  Migrated: 50
[2008-10-12 23:33:25]  Migrating Transactions (Batch: 31)...
[2008-10-12 23:33:31]  Migrated: 50
[2008-10-12 23:33:31]  Migrating Transactions (Batch: 32)...
[2008-10-12 23:33:38]  Migrated: 50
[2008-10-12 23:33:38]  Migrating Transactions (Batch: 33)...
[2008-10-12 23:33:44]  Migrated: 50
[2008-10-12 23:33:44]  Migrating Transactions (Batch: 34)...
[2008-10-12 23:33:50]  Migrated: 50
[2008-10-12 23:33:50]  Migrating Transactions (Batch: 35)...
[2008-10-12 23:33:58]  Migrated: 50
[2008-10-12 23:33:58]  Migrating Transactions (Batch: 36)...
[2008-10-12 23:34:07]  Migrated: 50
[2008-10-12 23:34:07]  Migrating Transactions (Batch: 37)...
[2008-10-12 23:34:13]  Migrated: 50
[2008-10-12 23:34:13]  Migrating Transactions (Batch: 38)...
[2008-10-12 23:34:20]  Migrated: 50
[2008-10-12 23:34:20]  Migrating Transactions (Batch: 39)...
[2008-10-12 23:34:27]  Migrated: 50
[2008-10-12 23:34:27]  Migrating Transactions (Batch: 40)...
[2008-10-12 23:34:38]  Migrated: 50
[2008-10-12 23:34:38]  Migrating Transactions (Batch: 41)...
[2008-10-12 23:34:44]  Migrated: 50
[2008-10-12 23:34:44]  Migrating Transactions (Batch: 42)...
[2008-10-12 23:34:51]  Migrated: 50
[2008-10-12 23:34:51]  Migrating Transactions (Batch: 43)...
[2008-10-12 23:34:57]  Migrated: 50
[2008-10-12 23:34:57]  Migrating Transactions (Batch: 44)...
[2008-10-12 23:35:04]  Migrated: 50
[2008-10-12 23:35:04]  Migrating Transactions (Batch: 45)...
[2008-10-12 23:35:14]  Migrated: 50
[2008-10-12 23:35:14]  Migrating Transactions (Batch: 46)...
[2008-10-12 23:35:21]  Migrated: 50
[2008-10-12 23:35:21]  Migrating Transactions (Batch: 47)...
[2008-10-12 23:35:27]  Migrated: 50
[2008-10-12 23:35:27]  Migrating Transactions (Batch: 48)...
[2008-10-12 23:35:34]  Migrated: 50
[2008-10-12 23:35:34]  Migrating Transactions (Batch: 49)...
[2008-10-12 23:35:40]  Migrated: 50
[2008-10-12 23:35:40]  Migrating Transactions (Batch: 50)...
[2008-10-12 23:35:47]  Migrated: 50
[2008-10-12 23:35:47]  Migrating Transactions (Batch: 51)...
[2008-10-12 23:35:59]  Migrated: 50
[2008-10-12 23:35:59]  Migrating Transactions (Batch: 52)...
[2008-10-12 23:36:04]  Migrated: 42
[2008-10-12 23:36:04]  Done
[2008-10-12 23:36:08]  Migration ended at 23:36:04
[2008-10-12 23:36:08]  *********************************************************

[2008-10-12 23:36:08]  Migration tool closing 7.2 company ACE Lingua Solutions...
[2008-10-12 23:36:08]  Closed
[2008-10-14 12:50:26]  Company Swati Wadhwa opened for Migration...

[2008-10-14 12:50:26]  *********************************************************
[2008-10-14 12:50:26]  Migration start at 12:50:26
[2008-10-14 12:50:26]  Initializing company data...
[2008-10-14 12:50:30]  Migrating Company (Batch: 1)...
[2008-10-14 12:50:30]  Migrated: 0
[2008-10-14 12:50:30]  Altered: 1
[2008-10-14 12:50:31]  Migrating Company (Batch: 2)...
[2008-10-14 12:50:31]  Migrated: 0
[2008-10-14 12:50:31]  Migrating Units (Batch: 1)...
[2008-10-14 12:50:31]  Migrated: 2
[2008-10-14 12:50:31]  Migrating Units (Batch: 2)...
[2008-10-14 12:50:31]  Migrated: 0
[2008-10-14 12:50:31]  Migrating Currency (Batch: 1)...
[2008-10-14 12:50:31]  Migrated: 0
[2008-10-14 12:50:31]  Altered: 2
[2008-10-14 12:50:31]  Migrating Currency (Batch: 2)...
[2008-10-14 12:50:31]  Migrated: 0
[2008-10-14 12:50:32]  Migrating Statutory Masters (Batch: 1)...
[2008-10-14 12:50:32]  Migrated: 50
[2008-10-14 12:50:35]  Migrating Statutory Masters (Batch: 2)...
[2008-10-14 12:50:35]  Migrated: 50
[2008-10-14 12:50:38]  Migrating Statutory Masters (Batch: 3)...
[2008-10-14 12:50:38]  Migrated: 50
[2008-10-14 12:50:42]  Migrating Statutory Masters (Batch: 4)...
[2008-10-14 12:50:42]  Migrated: 50
[2008-10-14 12:50:48]  Migrating Statutory Masters (Batch: 5)...
[2008-10-14 12:50:48]  Migrated: 50
[2008-10-14 12:50:55]  Migrating Statutory Masters (Batch: 6)...
[2008-10-14 12:50:55]  Migrated: 50
[2008-10-14 12:51:04]  Migrating Statutory Masters (Batch: 7)...
[2008-10-14 12:51:04]  Migrated: 50
[2008-10-14 12:51:11]  Migrating Statutory Masters (Batch: 8)...
[2008-10-14 12:51:11]  Migrated: 50
[2008-10-14 12:51:19]  Migrating Statutory Masters (Batch: 9)...
[2008-10-14 12:51:19]  Migrated: 50
[2008-10-14 12:51:20]  Migrating Statutory Masters (Batch: 10)...
[2008-10-14 12:51:20]  Migrated: 6
[2008-10-14 12:51:20]  Migrating Statutory Masters (Batch: 11)...
[2008-10-14 12:51:20]  Migrated: 0
[2008-10-14 12:51:23]  Migrating Groups (Batch: 1)...
[2008-10-14 12:51:23]  Migrated: 0
[2008-10-14 12:51:23]  Altered: 28
[2008-10-14 12:51:23]  Migrating Groups (Batch: 2)...
[2008-10-14 12:51:23]  Migrated: 0
[2008-10-14 12:51:27]  Migrating Ledgers (Batch: 1)...
[2008-10-14 12:51:27]  Migrated: 32
[2008-10-14 12:51:27]  Altered: 2
[2008-10-14 12:51:27]  Migrating Ledgers (Batch: 2)...
[2008-10-14 12:51:27]  Migrated: 0
[2008-10-14 12:51:27]  Migrating Stock Groups (Batch: 1)...
[2008-10-14 12:51:27]  Migrated: 0
[2008-10-14 12:51:27]  Migrating Stock Categories (Batch: 1)...
[2008-10-14 12:51:27]  Migrated: 0
[2008-10-14 12:51:28]  Migrating Cost Categories (Batch: 1)...
[2008-10-14 12:51:28]  Migrated: 0
[2008-10-14 12:51:28]  Altered: 1
[2008-10-14 12:51:28]  Migrating Cost Categories (Batch: 2)...
[2008-10-14 12:51:28]  Migrated: 0
[2008-10-14 12:51:28]  Migrating Cost Centers (Batch: 1)...
[2008-10-14 12:51:28]  Migrated: 0
[2008-10-14 12:51:28]  Migrating Attendance Types (Batch: 1)...
[2008-10-14 12:51:28]  Migrated: 0
[2008-10-14 12:51:29]  Migrating Employees (Batch: 1)...
[2008-10-14 12:51:29]  Migrated: 0
[2008-10-14 12:51:29]  Migrating Godowns (Batch: 1)...
[2008-10-14 12:51:29]  Migrated: 0
[2008-10-14 12:51:29]  Altered: 1
[2008-10-14 12:51:29]  Migrating Godowns (Batch: 2)...
[2008-10-14 12:51:29]  Migrated: 0
[2008-10-14 12:51:34]  Migrating Stock Items (Batch: 1)...
[2008-10-14 12:51:34]  Migrated: 46
[2008-10-14 12:51:34]  Migrating Stock Items (Batch: 2)...
[2008-10-14 12:51:34]  Migrated: 0
[2008-10-14 12:51:36]  Migrating Voucher Types (Batch: 1)...
[2008-10-14 12:51:36]  Migrated: 0
[2008-10-14 12:51:36]  Altered: 23
[2008-10-14 12:51:36]  Migrating Voucher Types (Batch: 2)...
[2008-10-14 12:51:36]  Migrated: 0
[2008-10-14 12:51:37]  Migrating Client Rules (Batch: 1)...
[2008-10-14 12:51:37]  Migrated: 0
[2008-10-14 12:51:37]  Migrating Server Rules (Batch: 1)...
[2008-10-14 12:51:37]  Migrated: 0
[2008-10-14 12:51:37]  Migrating Budgets (Batch: 1)...
[2008-10-14 12:51:37]  Migrated: 0
[2008-10-14 12:51:37]  Migrating Transactions (Batch: 1)...
[2008-10-14 12:51:43]  Migrated: 50
[2008-10-14 12:51:43]  Migrating Transactions (Batch: 2)...
[2008-10-14 12:51:49]  Migrated: 50
[2008-10-14 12:51:49]  Migrating Transactions (Batch: 3)...
[2008-10-14 12:51:55]  Migrated: 50
[2008-10-14 12:51:55]  Migrating Transactions (Batch: 4)...
[2008-10-14 12:52:01]  Migrated: 50
[2008-10-14 12:52:01]  Migrating Transactions (Batch: 5)...
[2008-10-14 12:52:07]  Migrated: 50
[2008-10-14 12:52:07]  Migrating Transactions (Batch: 6)...
[2008-10-14 12:52:09]  Migrated: 19
[2008-10-14 12:52:09]  Done
[2008-10-14 12:52:16]  Migration ended at 12:52:09
[2008-10-14 12:52:16]  *********************************************************

[2008-10-14 12:52:16]  Migration tool closing 7.2 company Swati Wadhwa...
[2008-10-14 12:52:16]  Closed
[2009-06-24 19:35:25]  Company M/s R.V.PRINTING PRESS opened for Migration...

[2009-06-24 19:35:25]  *********************************************************
[2009-06-24 19:35:25]  Migration start at 19:35:25
[2009-06-24 19:35:25]  Initializing company data...
[2009-06-24 19:35:28]  Migrating Company (Batch: 1)...
[2009-06-24 19:35:28]  Migrated: 0
[2009-06-24 19:35:28]  Altered: 1
[2009-06-24 19:35:28]  Migrating Company (Batch: 2)...
[2009-06-24 19:35:28]  Migrated: 0
[2009-06-24 19:35:28]  Migrating Units (Batch: 1)...
[2009-06-24 19:35:28]  Migrated: 2
[2009-06-24 19:35:28]  Migrating Units (Batch: 2)...
[2009-06-24 19:35:28]  Migrated: 0
[2009-06-24 19:35:28]  Migrating Currency (Batch: 1)...
[2009-06-24 19:35:28]  Migrated: 1
[2009-06-24 19:35:28]  Altered: 3
[2009-06-24 19:35:28]  Migrating Currency (Batch: 2)...
[2009-06-24 19:35:28]  Migrated: 0
[2009-06-24 19:35:29]  Migrating Statutory Masters (Batch: 1)...
[2009-06-24 19:35:29]  Migrated: 50
[2009-06-24 19:35:31]  Migrating Statutory Masters (Batch: 2)...
[2009-06-24 19:35:31]  Migrated: 50
[2009-06-24 19:35:34]  Migrating Statutory Masters (Batch: 3)...
[2009-06-24 19:35:34]  Migrated: 50
[2009-06-24 19:35:37]  Migrating Statutory Masters (Batch: 4)...
[2009-06-24 19:35:37]  Migrated: 50
[2009-06-24 19:35:39]  Migrating Statutory Masters (Batch: 5)...
[2009-06-24 19:35:39]  Migrated: 16
[2009-06-24 19:35:39]  Migrating Statutory Masters (Batch: 6)...
[2009-06-24 19:35:39]  Migrated: 0
[2009-06-24 19:35:41]  Migrating Groups (Batch: 1)...
[2009-06-24 19:35:41]  Migrated: 9
[2009-06-24 19:35:41]  Altered: 28
[2009-06-24 19:35:41]  Migrating Groups (Batch: 2)...
[2009-06-24 19:35:41]  Migrated: 0
[2009-06-24 19:35:44]  Migrating Ledgers (Batch: 1)...
[2009-06-24 19:35:44]  Migrated: 49
[2009-06-24 19:35:44]  Altered: 1
[2009-06-24 19:35:47]  Migrating Ledgers (Batch: 2)...
[2009-06-24 19:35:47]  Migrated: 49
[2009-06-24 19:35:47]  Altered: 1
[2009-06-24 19:35:50]  Migrating Ledgers (Batch: 3)...
[2009-06-24 19:35:50]  Migrated: 50
[2009-06-24 19:35:53]  Migrating Ledgers (Batch: 4)...
[2009-06-24 19:35:53]  Migrated: 50
[2009-06-24 19:35:56]  Migrating Ledgers (Batch: 5)...
[2009-06-24 19:35:56]  Migrated: 50
[2009-06-24 19:35:59]  Migrating Ledgers (Batch: 6)...
[2009-06-24 19:35:59]  Migrated: 50
[2009-06-24 19:36:02]  Migrating Ledgers (Batch: 7)...
[2009-06-24 19:36:02]  Migrated: 50
[2009-06-24 19:36:05]  Migrating Ledgers (Batch: 8)...
[2009-06-24 19:36:05]  Migrated: 50
[2009-06-24 19:36:08]  Migrating Ledgers (Batch: 9)...
[2009-06-24 19:36:08]  Migrated: 50
[2009-06-24 19:36:11]  Migrating Ledgers (Batch: 10)...
[2009-06-24 19:36:11]  Migrated: 50
[2009-06-24 19:36:14]  Migrating Ledgers (Batch: 11)...
[2009-06-24 19:36:14]  Migrated: 50
[2009-06-24 19:36:18]  Migrating Ledgers (Batch: 12)...
[2009-06-24 19:36:18]  Migrated: 50
[2009-06-24 19:36:19]  Migrating Ledgers (Batch: 13)...
[2009-06-24 19:36:19]  Migrated: 25
[2009-06-24 19:36:19]  Migrating Ledgers (Batch: 14)...
[2009-06-24 19:36:19]  Migrated: 0
[2009-06-24 19:36:20]  Migrating Stock Groups (Batch: 1)...
[2009-06-24 19:36:20]  Migrated: 0
[2009-06-24 19:36:20]  Migrating Stock Categories (Batch: 1)...
[2009-06-24 19:36:20]  Migrated: 0
[2009-06-24 19:36:20]  Migrating Cost Categories (Batch: 1)...
[2009-06-24 19:36:20]  Migrated: 0
[2009-06-24 19:36:20]  Altered: 1
[2009-06-24 19:36:20]  Migrating Cost Categories (Batch: 2)...
[2009-06-24 19:36:20]  Migrated: 0
[2009-06-24 19:36:20]  Migrating Cost Centers (Batch: 1)...
[2009-06-24 19:36:20]  Migrated: 0
[2009-06-24 19:36:21]  Migrating Attendance Types (Batch: 1)...
[2009-06-24 19:36:21]  Migrated: 0
[2009-06-24 19:36:21]  Migrating Employees (Batch: 1)...
[2009-06-24 19:36:21]  Migrated: 0
[2009-06-24 19:36:21]  Migrating Godowns (Batch: 1)...
[2009-06-24 19:36:21]  Migrated: 0
[2009-06-24 19:36:21]  Altered: 1
[2009-06-24 19:36:21]  Migrating Godowns (Batch: 2)...
[2009-06-24 19:36:21]  Migrated: 0
[2009-06-24 19:36:22]  Migrating Stock Items (Batch: 1)...
[2009-06-24 19:36:22]  Migrated: 3
[2009-06-24 19:36:22]  Migrating Stock Items (Batch: 2)...
[2009-06-24 19:36:22]  Migrated: 0
[2009-06-24 19:36:23]  Migrating Voucher Types (Batch: 1)...
[2009-06-24 19:36:23]  Migrated: 5
[2009-06-24 19:36:23]  Altered: 23
[2009-06-24 19:36:23]  Migrating Voucher Types (Batch: 2)...
[2009-06-24 19:36:23]  Migrated: 0
[2009-06-24 19:36:23]  Migrating Client Rules (Batch: 1)...
[2009-06-24 19:36:23]  Migrated: 0
[2009-06-24 19:36:24]  Migrating Server Rules (Batch: 1)...
[2009-06-24 19:36:24]  Migrated: 0
[2009-06-24 19:36:24]  Migrating Budgets (Batch: 1)...
[2009-06-24 19:36:24]  Migrated: 0
[2009-06-24 19:36:24]  Migrating Transactions (Batch: 1)...
[2009-06-24 19:36:27]  Migrated: 50
[2009-06-24 19:36:27]  Migrating Transactions (Batch: 2)...
[2009-06-24 19:36:31]  Migrated: 50
[2009-06-24 19:36:31]  Migrating Transactions (Batch: 3)...
[2009-06-24 19:36:34]  Migrated: 50
[2009-06-24 19:36:34]  Migrating Transactions (Batch: 4)...
[2009-06-24 19:36:37]  Migrated: 50
[2009-06-24 19:36:37]  Migrating Transactions (Batch: 5)...
[2009-06-24 19:36:41]  Migrated: 50
[2009-06-24 19:36:41]  Migrating Transactions (Batch: 6)...
[2009-06-24 19:36:44]  Migrated: 50
[2009-06-24 19:36:44]  Migrating Transactions (Batch: 7)...
[2009-06-24 19:36:48]  Migrated: 50
[2009-06-24 19:36:48]  Migrating Transactions (Batch: 8)...
[2009-06-24 19:36:52]  Migrated: 50
[2009-06-24 19:36:52]  Migrating Transactions (Batch: 9)...
[2009-06-24 19:36:55]  Migrated: 50
[2009-06-24 19:36:55]  Migrating Transactions (Batch: 10)...
[2009-06-24 19:36:59]  Migrated: 50
[2009-06-24 19:36:59]  Migrating Transactions (Batch: 11)...
[2009-06-24 19:37:03]  Migrated: 50
[2009-06-24 19:37:03]  Migrating Transactions (Batch: 12)...
[2009-06-24 19:37:06]  Migrated: 50
[2009-06-24 19:37:06]  Migrating Transactions (Batch: 13)...
[2009-06-24 19:37:10]  Migrated: 50
[2009-06-24 19:37:10]  Migrating Transactions (Batch: 14)...
[2009-06-24 19:37:14]  Migrated: 50
[2009-06-24 19:37:14]  Migrating Transactions (Batch: 15)...
[2009-06-24 19:37:18]  Migrated: 50
[2009-06-24 19:37:18]  Migrating Transactions (Batch: 16)...
[2009-06-24 19:37:22]  Migrated: 50
[2009-06-24 19:37:22]  Migrating Transactions (Batch: 17)...
[2009-06-24 19:37:26]  Migrated: 50
[2009-06-24 19:37:26]  Migrating Transactions (Batch: 18)...
[2009-06-24 19:37:30]  Migrated: 50
[2009-06-24 19:37:30]  Migrating Transactions (Batch: 19)...
[2009-06-24 19:37:34]  Migrated: 50
[2009-06-24 19:37:34]  Migrating Transactions (Batch: 20)...
[2009-06-24 19:37:38]  Migrated: 50
[2009-06-24 19:37:38]  Migrating Transactions (Batch: 21)...
[2009-06-24 19:37:42]  Migrated: 50
[2009-06-24 19:37:42]  Migrating Transactions (Batch: 22)...
[2009-06-24 19:37:45]  Migrated: 50
[2009-06-24 19:37:45]  Migrating Transactions (Batch: 23)...
[2009-06-24 19:37:49]  Migrated: 50
[2009-06-24 19:37:49]  Migrating Transactions (Batch: 24)...
[2009-06-24 19:37:53]  Migrated: 50
[2009-06-24 19:37:53]  Migrating Transactions (Batch: 25)...
[2009-06-24 19:37:57]  Migrated: 50
[2009-06-24 19:37:57]  Migrating Transactions (Batch: 26)...
[2009-06-24 19:38:01]  Migrated: 50
[2009-06-24 19:38:01]  Migrating Transactions (Batch: 27)...
[2009-06-24 19:38:05]  Migrated: 50
[2009-06-24 19:38:05]  Migrating Transactions (Batch: 28)...
[2009-06-24 19:38:09]  Migrated: 50
[2009-06-24 19:38:09]  Migrating Transactions (Batch: 29)...
[2009-06-24 19:38:13]  Migrated: 50
[2009-06-24 19:38:13]  Migrating Transactions (Batch: 30)...
[2009-06-24 19:38:17]  Migrated: 50
[2009-06-24 19:38:17]  Migrating Transactions (Batch: 31)...
[2009-06-24 19:38:20]  Migrated: 50
[2009-06-24 19:38:20]  Migrating Transactions (Batch: 32)...
[2009-06-24 19:38:24]  Migrated: 50
[2009-06-24 19:38:24]  Migrating Transactions (Batch: 33)...
[2009-06-24 19:38:28]  Migrated: 50
[2009-06-24 19:38:28]  Migrating Transactions (Batch: 34)...
[2009-06-24 19:38:32]  Migrated: 50
[2009-06-24 19:38:32]  Migrating Transactions (Batch: 35)...
[2009-06-24 19:38:36]  Migrated: 50
[2009-06-24 19:38:36]  Migrating Transactions (Batch: 36)...
[2009-06-24 19:38:40]  Migrated: 50
[2009-06-24 19:38:40]  Migrating Transactions (Batch: 37)...
[2009-06-24 19:38:44]  Migrated: 50
[2009-06-24 19:38:44]  Migrating Transactions (Batch: 38)...
[2009-06-24 19:38:47]  Migrated: 50
[2009-06-24 19:38:47]  Migrating Transactions (Batch: 39)...
[2009-06-24 19:38:51]  Migrated: 50
[2009-06-24 19:38:51]  Migrating Transactions (Batch: 40)...
[2009-06-24 19:38:55]  Migrated: 50
[2009-06-24 19:38:55]  Migrating Transactions (Batch: 41)...
[2009-06-24 19:38:59]  Migrated: 50
[2009-06-24 19:38:59]  Migrating Transactions (Batch: 42)...
[2009-06-24 19:39:03]  Migrated: 50
[2009-06-24 19:39:03]  Migrating Transactions (Batch: 43)...
[2009-06-24 19:39:06]  Migrated: 50
[2009-06-24 19:39:06]  Migrating Transactions (Batch: 44)...
[2009-06-24 19:39:10]  Migrated: 50
[2009-06-24 19:39:10]  Migrating Transactions (Batch: 45)...
[2009-06-24 19:39:14]  Migrated: 50
[2009-06-24 19:39:14]  Migrating Transactions (Batch: 46)...
[2009-06-24 19:39:18]  Migrated: 50
[2009-06-24 19:39:18]  Migrating Transactions (Batch: 47)...
[2009-06-24 19:39:22]  Migrated: 50
[2009-06-24 19:39:22]  Migrating Transactions (Batch: 48)...
[2009-06-24 19:39:26]  Migrated: 50
[2009-06-24 19:39:26]  Migrating Transactions (Batch: 49)...
[2009-06-24 19:39:29]  Migrated: 50
[2009-06-24 19:39:29]  Migrating Transactions (Batch: 50)...
[2009-06-24 19:39:33]  Migrated: 50
[2009-06-24 19:39:33]  Migrating Transactions (Batch: 51)...
[2009-06-24 19:39:37]  Migrated: 50
[2009-06-24 19:39:37]  Migrating Transactions (Batch: 52)...
[2009-06-24 19:39:41]  Migrated: 50
[2009-06-24 19:39:41]  Migrating Transactions (Batch: 53)...
[2009-06-24 19:39:45]  Migrated: 50
[2009-06-24 19:39:45]  Migrating Transactions (Batch: 54)...
[2009-06-24 19:39:49]  Migrated: 50
[2009-06-24 19:39:49]  Migrating Transactions (Batch: 55)...
[2009-06-24 19:39:53]  Migrated: 50
[2009-06-24 19:39:53]  Migrating Transactions (Batch: 56)...
[2009-06-24 19:39:57]  Migrated: 50
[2009-06-24 19:39:57]  Migrating Transactions (Batch: 57)...
[2009-06-24 19:40:00]  Migrated: 50
[2009-06-24 19:40:01]  Migrating Transactions (Batch: 58)...
[2009-06-24 19:40:04]  Migrated: 50
[2009-06-24 19:40:04]  Migrating Transactions (Batch: 59)...
[2009-06-24 19:40:08]  Migrated: 50
[2009-06-24 19:40:08]  Migrating Transactions (Batch: 60)...
[2009-06-24 19:40:12]  Migrated: 50
[2009-06-24 19:40:12]  Migrating Transactions (Batch: 61)...
[2009-06-24 19:40:15]  Migrated: 50
[2009-06-24 19:40:15]  Migrating Transactions (Batch: 62)...
[2009-06-24 19:40:19]  Migrated: 50
[2009-06-24 19:40:19]  Migrating Transactions (Batch: 63)...
[2009-06-24 19:40:23]  Migrated: 50
[2009-06-24 19:40:23]  Migrating Transactions (Batch: 64)...
[2009-06-24 19:40:27]  Migrated: 50
[2009-06-24 19:40:27]  Migrating Transactions (Batch: 65)...
[2009-06-24 19:40:31]  Migrated: 50
[2009-06-24 19:40:31]  Migrating Transactions (Batch: 66)...
[2009-06-24 19:40:34]  Migrated: 50
[2009-06-24 19:40:34]  Migrating Transactions (Batch: 67)...
[2009-06-24 19:40:38]  Migrated: 50
[2009-06-24 19:40:38]  Migrating Transactions (Batch: 68)...
[2009-06-24 19:40:42]  Migrated: 50
[2009-06-24 19:40:42]  Migrating Transactions (Batch: 69)...
[2009-06-24 19:40:46]  Migrated: 50
[2009-06-24 19:40:46]  Migrating Transactions (Batch: 70)...
[2009-06-24 19:40:49]  Migrated: 50
[2009-06-24 19:40:49]  Migrating Transactions (Batch: 71)...
[2009-06-24 19:40:53]  Migrated: 50
[2009-06-24 19:40:53]  Migrating Transactions (Batch: 72)...
[2009-06-24 19:40:57]  Migrated: 50
[2009-06-24 19:40:57]  Migrating Transactions (Batch: 73)...
[2009-06-24 19:41:02]  Migrated: 50
[2009-06-24 19:41:02]  Migrating Transactions (Batch: 74)...
[2009-06-24 19:41:06]  Migrated: 50
[2009-06-24 19:41:06]  Migrating Transactions (Batch: 75)...
[2009-06-24 19:41:11]  Migrated: 50
[2009-06-24 19:41:11]  Migrating Transactions (Batch: 76)...
[2009-06-24 19:41:15]  Migrated: 50
[2009-06-24 19:41:15]  Migrating Transactions (Batch: 77)...
[2009-06-24 19:41:19]  Migrated: 50
[2009-06-24 19:41:19]  Migrating Transactions (Batch: 78)...
[2009-06-24 19:41:22]  Migrated: 50
[2009-06-24 19:41:22]  Migrating Transactions (Batch: 79)...
[2009-06-24 19:41:27]  Migrated: 50
[2009-06-24 19:41:27]  Migrating Transactions (Batch: 80)...
[2009-06-24 19:41:31]  Migrated: 50
[2009-06-24 19:41:31]  Migrating Transactions (Batch: 81)...
[2009-06-24 19:41:35]  Migrated: 50
[2009-06-24 19:41:35]  Migrating Transactions (Batch: 82)...
[2009-06-24 19:41:39]  Migrated: 50
[2009-06-24 19:41:39]  Migrating Transactions (Batch: 83)...
[2009-06-24 19:41:43]  Migrated: 50
[2009-06-24 19:41:43]  Migrating Transactions (Batch: 84)...
[2009-06-24 19:41:47]  Migrated: 50
[2009-06-24 19:41:47]  Migrating Transactions (Batch: 85)...
[2009-06-24 19:41:51]  Migrated: 50
[2009-06-24 19:41:51]  Migrating Transactions (Batch: 86)...
[2009-06-24 19:41:55]  Migrated: 50
[2009-06-24 19:41:55]  Migrating Transactions (Batch: 87)...
[2009-06-24 19:41:59]  Migrated: 50
[2009-06-24 19:41:59]  Migrating Transactions (Batch: 88)...
[2009-06-24 19:42:03]  Migrated: 50
[2009-06-24 19:42:03]  Migrating Transactions (Batch: 89)...
[2009-06-24 19:42:06]  Migrated: 50
[2009-06-24 19:42:06]  Migrating Transactions (Batch: 90)...
[2009-06-24 19:42:11]  Migrated: 50
[2009-06-24 19:42:11]  Migrating Transactions (Batch: 91)...
[2009-06-24 19:42:15]  Migrated: 50
[2009-06-24 19:42:15]  Migrating Transactions (Batch: 92)...
[2009-06-24 19:42:19]  Migrated: 50
[2009-06-24 19:42:19]  Migrating Transactions (Batch: 93)...
[2009-06-24 19:42:23]  Migrated: 50
[2009-06-24 19:42:23]  Migrating Transactions (Batch: 94)...
[2009-06-24 19:42:26]  Migrated: 50
[2009-06-24 19:42:26]  Migrating Transactions (Batch: 95)...
[2009-06-24 19:42:31]  Migrated: 50
[2009-06-24 19:42:31]  Migrating Transactions (Batch: 96)...
[2009-06-24 19:42:34]  Migrated: 50
[2009-06-24 19:42:34]  Migrating Transactions (Batch: 97)...
[2009-06-24 19:42:39]  Migrated: 50
[2009-06-24 19:42:39]  Migrating Transactions (Batch: 98)...
[2009-06-24 19:42:43]  Migrated: 50
[2009-06-24 19:42:43]  Migrating Transactions (Batch: 99)...
[2009-06-24 19:42:47]  Migrated: 50
[2009-06-24 19:42:47]  Migrating Transactions (Batch: 100)...
[2009-06-24 19:42:51]  Migrated: 50
[2009-06-24 19:42:51]  Migrating Transactions (Batch: 101)...
[2009-06-24 19:42:55]  Migrated: 50
[2009-06-24 19:42:55]  Migrating Transactions (Batch: 102)...
[2009-06-24 19:42:58]  Migrated: 50
[2009-06-24 19:42:58]  Migrating Transactions (Batch: 103)...
[2009-06-24 19:43:03]  Migrated: 50
[2009-06-24 19:43:03]  Migrating Transactions (Batch: 104)...
[2009-06-24 19:43:06]  Migrated: 50
[2009-06-24 19:43:06]  Migrating Transactions (Batch: 105)...
[2009-06-24 19:43:10]  Migrated: 50
[2009-06-24 19:43:10]  Migrating Transactions (Batch: 106)...
[2009-06-24 19:43:14]  Migrated: 50
[2009-06-24 19:43:14]  Migrating Transactions (Batch: 107)...
[2009-06-24 19:43:18]  Migrated: 50
[2009-06-24 19:43:18]  Migrating Transactions (Batch: 108)...
[2009-06-24 19:43:22]  Migrated: 50
[2009-06-24 19:43:22]  Migrating Transactions (Batch: 109)...
[2009-06-24 19:43:26]  Migrated: 50
[2009-06-24 19:43:26]  Migrating Transactions (Batch: 110)...
[2009-06-24 19:43:30]  Migrated: 50
[2009-06-24 19:43:30]  Migrating Transactions (Batch: 111)...
[2009-06-24 19:43:34]  Migrated: 50
[2009-06-24 19:43:34]  Migrating Transactions (Batch: 112)...
[2009-06-24 19:43:38]  Migrated: 50
[2009-06-24 19:43:38]  Migrating Transactions (Batch: 113)...
[2009-06-24 19:43:42]  Migrated: 50
[2009-06-24 19:43:42]  Migrating Transactions (Batch: 114)...
[2009-06-24 19:43:46]  Migrated: 50
[2009-06-24 19:43:46]  Migrating Transactions (Batch: 115)...
[2009-06-24 19:43:50]  Migrated: 50
[2009-06-24 19:43:50]  Migrating Transactions (Batch: 116)...
[2009-06-24 19:43:54]  Migrated: 50
[2009-06-24 19:43:54]  Migrating Transactions (Batch: 117)...
[2009-06-24 19:43:58]  Migrated: 50
[2009-06-24 19:43:58]  Migrating Transactions (Batch: 118)...
[2009-06-24 19:44:02]  Migrated: 50
[2009-06-24 19:44:02]  Migrating Transactions (Batch: 119)...
[2009-06-24 19:44:06]  Migrated: 50
[2009-06-24 19:44:06]  Migrating Transactions (Batch: 120)...
[2009-06-24 19:44:10]  Migrated: 50
[2009-06-24 19:44:10]  Migrating Transactions (Batch: 121)...
[2009-06-24 19:44:14]  Migrated: 50
[2009-06-24 19:44:14]  Migrating Transactions (Batch: 122)...
[2009-06-24 19:44:18]  Migrated: 50
[2009-06-24 19:44:18]  Migrating Transactions (Batch: 123)...
[2009-06-24 19:44:22]  Migrated: 50
[2009-06-24 19:44:22]  Migrating Transactions (Batch: 124)...
[2009-06-24 19:44:26]  Migrated: 50
[2009-06-24 19:44:26]  Migrating Transactions (Batch: 125)...
[2009-06-24 19:44:30]  Migrated: 50
[2009-06-24 19:44:30]  Migrating Transactions (Batch: 126)...
[2009-06-24 19:44:34]  Migrated: 50
[2009-06-24 19:44:34]  Migrating Transactions (Batch: 127)...
[2009-06-24 19:44:39]  Migrated: 50
[2009-06-24 19:44:39]  Migrating Transactions (Batch: 128)...
[2009-06-24 19:44:43]  Migrated: 50
[2009-06-24 19:44:43]  Migrating Transactions (Batch: 129)...
[2009-06-24 19:44:47]  Migrated: 50
[2009-06-24 19:44:47]  Migrating Transactions (Batch: 130)...
[2009-06-24 19:44:51]  Migrated: 50
[2009-06-24 19:44:51]  Migrating Transactions (Batch: 131)...
[2009-06-24 19:44:55]  Migrated: 50
[2009-06-24 19:44:55]  Migrating Transactions (Batch: 132)...
[2009-06-24 19:44:59]  Migrated: 50
[2009-06-24 19:44:59]  Migrating Transactions (Batch: 133)...
[2009-06-24 19:45:03]  Migrated: 50
[2009-06-24 19:45:03]  Migrating Transactions (Batch: 134)...
[2009-06-24 19:45:07]  Migrated: 50
[2009-06-24 19:45:07]  Migrating Transactions (Batch: 135)...
[2009-06-24 19:45:11]  Migrated: 50
[2009-06-24 19:45:11]  Migrating Transactions (Batch: 136)...
[2009-06-24 19:45:15]  Migrated: 50
[2009-06-24 19:45:15]  Migrating Transactions (Batch: 137)...
[2009-06-24 19:45:19]  Migrated: 50
[2009-06-24 19:45:19]  Migrating Transactions (Batch: 138)...
[2009-06-24 19:45:24]  Migrated: 50
[2009-06-24 19:45:24]  Migrating Transactions (Batch: 139)...
[2009-06-24 19:45:27]  Migrated: 50
[2009-06-24 19:45:28]  Migrating Transactions (Batch: 140)...
[2009-06-24 19:45:32]  Migrated: 50
[2009-06-24 19:45:32]  Migrating Transactions (Batch: 141)...
[2009-06-24 19:45:36]  Migrated: 50
[2009-06-24 19:45:36]  Migrating Transactions (Batch: 142)...
[2009-06-24 19:45:40]  Migrated: 50
[2009-06-24 19:45:40]  Migrating Transactions (Batch: 143)...
[2009-06-24 19:45:44]  Migrated: 50
[2009-06-24 19:45:44]  Migrating Transactions (Batch: 144)...
[2009-06-24 19:45:48]  Migrated: 50
[2009-06-24 19:45:48]  Migrating Transactions (Batch: 145)...
[2009-06-24 19:45:52]  Migrated: 50
[2009-06-24 19:45:52]  Migrating Transactions (Batch: 146)...
[2009-06-24 19:45:56]  Migrated: 50
[2009-06-24 19:45:56]  Migrating Transactions (Batch: 147)...
[2009-06-24 19:46:00]  Migrated: 50
[2009-06-24 19:46:00]  Migrating Transactions (Batch: 148)...
[2009-06-24 19:46:04]  Migrated: 50
[2009-06-24 19:46:04]  Migrating Transactions (Batch: 149)...
[2009-06-24 19:46:08]  Migrated: 50
[2009-06-24 19:46:08]  Migrating Transactions (Batch: 150)...
[2009-06-24 19:46:12]  Migrated: 50
[2009-06-24 19:46:12]  Migrating Transactions (Batch: 151)...
[2009-06-24 19:46:16]  Migrated: 50
[2009-06-24 19:46:16]  Migrating Transactions (Batch: 152)...
[2009-06-24 19:46:20]  Migrated: 50
[2009-06-24 19:46:20]  Migrating Transactions (Batch: 153)...
[2009-06-24 19:46:24]  Migrated: 50
[2009-06-24 19:46:24]  Migrating Transactions (Batch: 154)...
[2009-06-24 19:46:28]  Migrated: 50
[2009-06-24 19:46:28]  Migrating Transactions (Batch: 155)...
[2009-06-24 19:46:32]  Migrated: 50
[2009-06-24 19:46:32]  Migrating Transactions (Batch: 156)...
[2009-06-24 19:46:36]  Migrated: 50
[2009-06-24 19:46:36]  Migrating Transactions (Batch: 157)...
[2009-06-24 19:46:40]  Migrated: 50
[2009-06-24 19:46:40]  Migrating Transactions (Batch: 158)...
[2009-06-24 19:46:44]  Migrated: 50
[2009-06-24 19:46:45]  Migrating Transactions (Batch: 159)...
[2009-06-24 19:46:49]  Migrated: 50
[2009-06-24 19:46:49]  Migrating Transactions (Batch: 160)...
[2009-06-24 19:46:53]  Migrated: 50
[2009-06-24 19:46:53]  Migrating Transactions (Batch: 161)...
[2009-06-24 19:46:57]  Migrated: 50
[2009-06-24 19:46:57]  Migrating Transactions (Batch: 162)...
[2009-06-24 19:46:57]  Migrated: 6
[2009-06-24 19:46:57]  Done
[2009-06-24 20:19:33]  Migration ended at 19:46:57
[2009-06-24 20:19:33]  *********************************************************

[2009-06-24 20:19:33]  Migration tool closing 7.2 company M/s R.V.PRINTING PRESS...
[2009-06-24 20:19:33]  Closed
[2009-06-24 20:35:50]  Company R.V. PRINTING PRESS opened for Migration...

[2009-06-24 20:35:50]  *********************************************************
[2009-06-24 20:35:50]  Migration start at 20:35:50
[2009-06-24 20:35:50]  Initializing company data...
[2009-06-24 20:37:38]  Company R.V. PRINTING PRESS opened for Migration...

[2009-06-24 20:37:48]  *********************************************************
[2009-06-24 20:37:48]  Migration start at 20:37:48
[2009-06-24 20:37:48]  Initializing company data...
[2009-06-24 20:39:57]  Migration ended at 20:39:57
[2009-06-24 20:39:57]  *********************************************************

[2009-06-24 20:39:57]  Migration tool closing 7.2 company R.V. PRINTING PRESS...
[2009-06-24 20:39:57]  Closed
[2009-06-24 20:53:09]  Company M/s R.V.PRINTING PRESS opened for Migration...

[2009-06-24 20:53:09]  *********************************************************
[2009-06-24 20:53:09]  Migration start at 20:53:09
[2009-06-24 20:53:09]  Initializing company data...
[2009-06-24 20:53:11]  Migrating Company (Batch: 1)...
[2009-06-24 20:53:11]  Migrated: 0
[2009-06-24 20:53:11]  Altered: 1
[2009-06-24 20:53:11]  Migrating Company (Batch: 2)...
[2009-06-24 20:53:11]  Migrated: 0
[2009-06-24 20:53:11]  Migrating Units (Batch: 1)...
[2009-06-24 20:53:11]  Migrated: 2
[2009-06-24 20:53:11]  Migrating Units (Batch: 2)...
[2009-06-24 20:53:11]  Migrated: 0
[2009-06-24 20:53:12]  Migrating Currency (Batch: 1)...
[2009-06-24 20:53:12]  Migrated: 1
[2009-06-24 20:53:12]  Altered: 3
[2009-06-24 20:53:12]  Migrating Currency (Batch: 2)...
[2009-06-24 20:53:12]  Migrated: 0
[2009-06-24 20:53:13]  Migrating Statutory Masters (Batch: 1)...
[2009-06-24 20:53:13]  Migrated: 50
[2009-06-24 20:53:15]  Migrating Statutory Masters (Batch: 2)...
[2009-06-24 20:53:15]  Migrated: 50
[2009-06-24 20:53:18]  Migrating Statutory Masters (Batch: 3)...
[2009-06-24 20:53:18]  Migrated: 50
[2009-06-24 20:53:21]  Migrating Statutory Masters (Batch: 4)...
[2009-06-24 20:53:21]  Migrated: 50
[2009-06-24 20:53:22]  Migrating Statutory Masters (Batch: 5)...
[2009-06-24 20:53:22]  Migrated: 16
[2009-06-24 20:53:22]  Migrating Statutory Masters (Batch: 6)...
[2009-06-24 20:53:22]  Migrated: 0
[2009-06-24 20:53:24]  Migrating Groups (Batch: 1)...
[2009-06-24 20:53:24]  Migrated: 9
[2009-06-24 20:53:24]  Altered: 28
[2009-06-24 20:53:24]  Migrating Groups (Batch: 2)...
[2009-06-24 20:53:24]  Migrated: 0
[2009-06-24 20:53:27]  Migrating Ledgers (Batch: 1)...
[2009-06-24 20:53:27]  Migrated: 49
[2009-06-24 20:53:27]  Altered: 1
[2009-06-24 20:53:30]  Migrating Ledgers (Batch: 2)...
[2009-06-24 20:53:30]  Migrated: 49
[2009-06-24 20:53:30]  Altered: 1
[2009-06-24 20:53:33]  Migrating Ledgers (Batch: 3)...
[2009-06-24 20:53:33]  Migrated: 50
[2009-06-24 20:53:36]  Migrating Ledgers (Batch: 4)...
[2009-06-24 20:53:36]  Migrated: 50
[2009-06-24 20:53:39]  Migrating Ledgers (Batch: 5)...
[2009-06-24 20:53:39]  Migrated: 50
[2009-06-24 20:53:42]  Migrating Ledgers (Batch: 6)...
[2009-06-24 20:53:42]  Migrated: 50
[2009-06-24 20:53:45]  Migrating Ledgers (Batch: 7)...
[2009-06-24 20:53:45]  Migrated: 50
[2009-06-24 20:53:48]  Migrating Ledgers (Batch: 8)...
[2009-06-24 20:53:48]  Migrated: 50
[2009-06-24 20:53:51]  Migrating Ledgers (Batch: 9)...
[2009-06-24 20:53:51]  Migrated: 50
[2009-06-24 20:53:54]  Migrating Ledgers (Batch: 10)...
[2009-06-24 20:53:54]  Migrated: 50
[2009-06-24 20:53:57]  Migrating Ledgers (Batch: 11)...
[2009-06-24 20:53:57]  Migrated: 50
[2009-06-24 20:54:01]  Migrating Ledgers (Batch: 12)...
[2009-06-24 20:54:01]  Migrated: 50
[2009-06-24 20:54:02]  Migrating Ledgers (Batch: 13)...
[2009-06-24 20:54:02]  Migrated: 25
[2009-06-24 20:54:02]  Migrating Ledgers (Batch: 14)...
[2009-06-24 20:54:02]  Migrated: 0
[2009-06-24 20:54:03]  Migrating Stock Groups (Batch: 1)...
[2009-06-24 20:54:03]  Migrated: 0
[2009-06-24 20:54:03]  Migrating Stock Categories (Batch: 1)...
[2009-06-24 20:54:03]  Migrated: 0
[2009-06-24 20:54:03]  Migrating Cost Categories (Batch: 1)...
[2009-06-24 20:54:03]  Migrated: 0
[2009-06-24 20:54:03]  Altered: 1
[2009-06-24 20:54:03]  Migrating Cost Categories (Batch: 2)...
[2009-06-24 20:54:03]  Migrated: 0
[2009-06-24 20:54:04]  Migrating Cost Centers (Batch: 1)...
[2009-06-24 20:54:04]  Migrated: 0
[2009-06-24 20:54:04]  Migrating Attendance Types (Batch: 1)...
[2009-06-24 20:54:04]  Migrated: 0
[2009-06-24 20:54:04]  Migrating Employees (Batch: 1)...
[2009-06-24 20:54:04]  Migrated: 0
[2009-06-24 20:54:04]  Migrating Godowns (Batch: 1)...
[2009-06-24 20:54:04]  Migrated: 0
[2009-06-24 20:54:04]  Altered: 1
[2009-06-24 20:54:04]  Migrating Godowns (Batch: 2)...
[2009-06-24 20:54:04]  Migrated: 0
[2009-06-24 20:54:05]  Migrating Stock Items (Batch: 1)...
[2009-06-24 20:54:05]  Migrated: 3
[2009-06-24 20:54:05]  Migrating Stock Items (Batch: 2)...
[2009-06-24 20:54:05]  Migrated: 0
[2009-06-24 20:54:06]  Migrating Voucher Types (Batch: 1)...
[2009-06-24 20:54:06]  Migrated: 5
[2009-06-24 20:54:06]  Altered: 23
[2009-06-24 20:54:06]  Migrating Voucher Types (Batch: 2)...
[2009-06-24 20:54:06]  Migrated: 0
[2009-06-24 20:54:06]  Migrating Client Rules (Batch: 1)...
[2009-06-24 20:54:06]  Migrated: 0
[2009-06-24 20:54:07]  Migrating Server Rules (Batch: 1)...
[2009-06-24 20:54:07]  Migrated: 0
[2009-06-24 20:54:07]  Migrating Budgets (Batch: 1)...
[2009-06-24 20:54:07]  Migrated: 0
[2009-06-24 20:54:07]  Migrating Transactions (Batch: 1)...
[2009-06-24 20:54:10]  Migrated: 50
[2009-06-24 20:54:10]  Migrating Transactions (Batch: 2)...
[2009-06-24 20:54:13]  Migrated: 50
[2009-06-24 20:54:13]  Migrating Transactions (Batch: 3)...
[2009-06-24 20:54:17]  Migrated: 50
[2009-06-24 20:54:17]  Migrating Transactions (Batch: 4)...
[2009-06-24 20:54:20]  Migrated: 50
[2009-06-24 20:54:20]  Migrating Transactions (Batch: 5)...
[2009-06-24 20:54:23]  Migrated: 50
[2009-06-24 20:54:23]  Migrating Transactions (Batch: 6)...
[2009-06-24 20:54:27]  Migrated: 50
[2009-06-24 20:54:27]  Migrating Transactions (Batch: 7)...
[2009-06-24 20:54:30]  Migrated: 50
[2009-06-24 20:54:30]  Migrating Transactions (Batch: 8)...
[2009-06-24 20:54:33]  Migrated: 50
[2009-06-24 20:54:33]  Migrating Transactions (Batch: 9)...
[2009-06-24 20:54:37]  Migrated: 50
[2009-06-24 20:54:37]  Migrating Transactions (Batch: 10)...
[2009-06-24 20:54:40]  Migrated: 50
[2009-06-24 20:54:40]  Migrating Transactions (Batch: 11)...
[2009-06-24 20:54:43]  Migrated: 50
[2009-06-24 20:54:44]  Migrating Transactions (Batch: 12)...
[2009-06-24 20:54:47]  Migrated: 50
[2009-06-24 20:54:47]  Migrating Transactions (Batch: 13)...
[2009-06-24 20:54:50]  Migrated: 50
[2009-06-24 20:54:50]  Migrating Transactions (Batch: 14)...
[2009-06-24 20:54:54]  Migrated: 50
[2009-06-24 20:54:54]  Migrating Transactions (Batch: 15)...
[2009-06-24 20:54:58]  Migrated: 50
[2009-06-24 20:54:58]  Migrating Transactions (Batch: 16)...
[2009-06-24 20:55:01]  Migrated: 50
[2009-06-24 20:55:02]  Migrating Transactions (Batch: 17)...
[2009-06-24 20:55:05]  Migrated: 50
[2009-06-24 20:55:05]  Migrating Transactions (Batch: 18)...
[2009-06-24 20:55:09]  Migrated: 50
[2009-06-24 20:55:09]  Migrating Transactions (Batch: 19)...
[2009-06-24 20:55:13]  Migrated: 50
[2009-06-24 20:55:13]  Migrating Transactions (Batch: 20)...
[2009-06-24 20:55:16]  Migrated: 50
[2009-06-24 20:55:16]  Migrating Transactions (Batch: 21)...
[2009-06-24 20:55:20]  Migrated: 50
[2009-06-24 20:55:20]  Migrating Transactions (Batch: 22)...
[2009-06-24 20:55:24]  Migrated: 50
[2009-06-24 20:55:24]  Migrating Transactions (Batch: 23)...
[2009-06-24 20:55:27]  Migrated: 50
[2009-06-24 20:55:27]  Migrating Transactions (Batch: 24)...
[2009-06-24 20:55:31]  Migrated: 50
[2009-06-24 20:55:31]  Migrating Transactions (Batch: 25)...
[2009-06-24 20:55:35]  Migrated: 50
[2009-06-24 20:55:35]  Migrating Transactions (Batch: 26)...
[2009-06-24 20:55:38]  Migrated: 50
[2009-06-24 20:55:39]  Migrating Transactions (Batch: 27)...
[2009-06-24 20:55:42]  Migrated: 50
[2009-06-24 20:55:42]  Migrating Transactions (Batch: 28)...
[2009-06-24 20:55:46]  Migrated: 50
[2009-06-24 20:55:46]  Migrating Transactions (Batch: 29)...
[2009-06-24 20:55:50]  Migrated: 50
[2009-06-24 20:55:50]  Migrating Transactions (Batch: 30)...
[2009-06-24 20:55:53]  Migrated: 50
[2009-06-24 20:55:53]  Migrating Transactions (Batch: 31)...
[2009-06-24 20:55:57]  Migrated: 50
[2009-06-24 20:55:57]  Migrating Transactions (Batch: 32)...
[2009-06-24 20:56:01]  Migrated: 50
[2009-06-24 20:56:02]  Migrating Transactions (Batch: 33)...
[2009-06-24 20:56:05]  Migrated: 50
[2009-06-24 20:56:05]  Migrating Transactions (Batch: 34)...
[2009-06-24 20:56:09]  Migrated: 50
[2009-06-24 20:56:09]  Migrating Transactions (Batch: 35)...
[2009-06-24 20:56:13]  Migrated: 50
[2009-06-24 20:56:13]  Migrating Transactions (Batch: 36)...
[2009-06-24 20:56:17]  Migrated: 50
[2009-06-24 20:56:17]  Migrating Transactions (Batch: 37)...
[2009-06-24 20:56:20]  Migrated: 50
[2009-06-24 20:56:20]  Migrating Transactions (Batch: 38)...
[2009-06-24 20:56:24]  Migrated: 50
[2009-06-24 20:56:24]  Migrating Transactions (Batch: 39)...
[2009-06-24 20:56:28]  Migrated: 50
[2009-06-24 20:56:28]  Migrating Transactions (Batch: 40)...
[2009-06-24 20:56:31]  Migrated: 50
[2009-06-24 20:56:31]  Migrating Transactions (Batch: 41)...
[2009-06-24 20:56:35]  Migrated: 50
[2009-06-24 20:56:35]  Migrating Transactions (Batch: 42)...
[2009-06-24 20:56:39]  Migrated: 50
[2009-06-24 20:56:39]  Migrating Transactions (Batch: 43)...
[2009-06-24 20:56:43]  Migrated: 50
[2009-06-24 20:56:43]  Migrating Transactions (Batch: 44)...
[2009-06-24 20:56:47]  Migrated: 50
[2009-06-24 20:56:47]  Migrating Transactions (Batch: 45)...
[2009-06-24 20:56:50]  Migrated: 50
[2009-06-24 20:56:50]  Migrating Transactions (Batch: 46)...
[2009-06-24 20:56:54]  Migrated: 50
[2009-06-24 20:56:54]  Migrating Transactions (Batch: 47)...
[2009-06-24 20:56:58]  Migrated: 50
[2009-06-24 20:56:58]  Migrating Transactions (Batch: 48)...
[2009-06-24 20:57:02]  Migrated: 50
[2009-06-24 20:57:02]  Migrating Transactions (Batch: 49)...
[2009-06-24 20:57:05]  Migrated: 50
[2009-06-24 20:57:05]  Migrating Transactions (Batch: 50)...
[2009-06-24 20:57:09]  Migrated: 50
[2009-06-24 20:57:09]  Migrating Transactions (Batch: 51)...
[2009-06-24 20:57:13]  Migrated: 50
[2009-06-24 20:57:13]  Migrating Transactions (Batch: 52)...
[2009-06-24 20:57:17]  Migrated: 50
[2009-06-24 20:57:17]  Migrating Transactions (Batch: 53)...
[2009-06-24 20:57:21]  Migrated: 50
[2009-06-24 20:57:21]  Migrating Transactions (Batch: 54)...
[2009-06-24 20:57:25]  Migrated: 50
[2009-06-24 20:57:25]  Migrating Transactions (Batch: 55)...
[2009-06-24 20:57:28]  Migrated: 50
[2009-06-24 20:57:28]  Migrating Transactions (Batch: 56)...
[2009-06-24 20:57:32]  Migrated: 50
[2009-06-24 20:57:32]  Migrating Transactions (Batch: 57)...
[2009-06-24 20:57:36]  Migrated: 50
[2009-06-24 20:57:36]  Migrating Transactions (Batch: 58)...
[2009-06-24 20:57:40]  Migrated: 50
[2009-06-24 20:57:40]  Migrating Transactions (Batch: 59)...
[2009-06-24 20:57:44]  Migrated: 50
[2009-06-24 20:57:44]  Migrating Transactions (Batch: 60)...
[2009-06-24 20:57:48]  Migrated: 50
[2009-06-24 20:57:48]  Migrating Transactions (Batch: 61)...
[2009-06-24 20:57:52]  Migrated: 50
[2009-06-24 20:57:52]  Migrating Transactions (Batch: 62)...
[2009-06-24 20:57:56]  Migrated: 50
[2009-06-24 20:57:56]  Migrating Transactions (Batch: 63)...
[2009-06-24 20:58:00]  Migrated: 50
[2009-06-24 20:58:00]  Migrating Transactions (Batch: 64)...
[2009-06-24 20:58:04]  Migrated: 50
[2009-06-24 20:58:04]  Migrating Transactions (Batch: 65)...
[2009-06-24 20:58:08]  Migrated: 50
[2009-06-24 20:58:08]  Migrating Transactions (Batch: 66)...
[2009-06-24 20:58:12]  Migrated: 50
[2009-06-24 20:58:12]  Migrating Transactions (Batch: 67)...
[2009-06-24 20:58:15]  Migrated: 50
[2009-06-24 20:58:15]  Migrating Transactions (Batch: 68)...
[2009-06-24 20:58:19]  Migrated: 50
[2009-06-24 20:58:19]  Migrating Transactions (Batch: 69)...
[2009-06-24 20:58:23]  Migrated: 50
[2009-06-24 20:58:23]  Migrating Transactions (Batch: 70)...
[2009-06-24 20:58:27]  Migrated: 50
[2009-06-24 20:58:27]  Migrating Transactions (Batch: 71)...
[2009-06-24 20:58:31]  Migrated: 50
[2009-06-24 20:58:31]  Migrating Transactions (Batch: 72)...
[2009-06-24 20:58:35]  Migrated: 50
[2009-06-24 20:58:35]  Migrating Transactions (Batch: 73)...
[2009-06-24 20:58:39]  Migrated: 50
[2009-06-24 20:58:39]  Migrating Transactions (Batch: 74)...
[2009-06-24 20:58:42]  Migrated: 50
[2009-06-24 20:58:43]  Migrating Transactions (Batch: 75)...
[2009-06-24 20:58:46]  Migrated: 50
[2009-06-24 20:58:46]  Migrating Transactions (Batch: 76)...
[2009-06-24 20:58:50]  Migrated: 50
[2009-06-24 20:58:50]  Migrating Transactions (Batch: 77)...
[2009-06-24 20:58:54]  Migrated: 50
[2009-06-24 20:58:54]  Migrating Transactions (Batch: 78)...
[2009-06-24 20:58:58]  Migrated: 50
[2009-06-24 20:58:58]  Migrating Transactions (Batch: 79)...
[2009-06-24 20:59:02]  Migrated: 50
[2009-06-24 20:59:02]  Migrating Transactions (Batch: 80)...
[2009-06-24 20:59:06]  Migrated: 50
[2009-06-24 20:59:06]  Migrating Transactions (Batch: 81)...
[2009-06-24 20:59:10]  Migrated: 50
[2009-06-24 20:59:10]  Migrating Transactions (Batch: 82)...
[2009-06-24 20:59:13]  Migrated: 50
[2009-06-24 20:59:13]  Migrating Transactions (Batch: 83)...
[2009-06-24 20:59:17]  Migrated: 50
[2009-06-24 20:59:17]  Migrating Transactions (Batch: 84)...
[2009-06-24 20:59:21]  Migrated: 50
[2009-06-24 20:59:21]  Migrating Transactions (Batch: 85)...
[2009-06-24 20:59:25]  Migrated: 50
[2009-06-24 20:59:25]  Migrating Transactions (Batch: 86)...
[2009-06-24 20:59:29]  Migrated: 50
[2009-06-24 20:59:29]  Migrating Transactions (Batch: 87)...
[2009-06-24 20:59:33]  Migrated: 50
[2009-06-24 20:59:33]  Migrating Transactions (Batch: 88)...
[2009-06-24 20:59:37]  Migrated: 50
[2009-06-24 20:59:37]  Migrating Transactions (Batch: 89)...
[2009-06-24 20:59:41]  Migrated: 50
[2009-06-24 20:59:41]  Migrating Transactions (Batch: 90)...
[2009-06-24 20:59:45]  Migrated: 50
[2009-06-24 20:59:45]  Migrating Transactions (Batch: 91)...
[2009-06-24 20:59:49]  Migrated: 50
[2009-06-24 20:59:49]  Migrating Transactions (Batch: 92)...
[2009-06-24 20:59:53]  Migrated: 50
[2009-06-24 20:59:53]  Migrating Transactions (Batch: 93)...
[2009-06-24 20:59:57]  Migrated: 50
[2009-06-24 20:59:57]  Migrating Transactions (Batch: 94)...
[2009-06-24 21:00:01]  Migrated: 50
[2009-06-24 21:00:01]  Migrating Transactions (Batch: 95)...
[2009-06-24 21:00:05]  Migrated: 50
[2009-06-24 21:00:05]  Migrating Transactions (Batch: 96)...
[2009-06-24 21:00:08]  Migrated: 50
[2009-06-24 21:00:08]  Migrating Transactions (Batch: 97)...
[2009-06-24 21:00:12]  Migrated: 50
[2009-06-24 21:00:12]  Migrating Transactions (Batch: 98)...
[2009-06-24 21:00:17]  Migrated: 50
[2009-06-24 21:00:17]  Migrating Transactions (Batch: 99)...
[2009-06-24 21:00:21]  Migrated: 50
[2009-06-24 21:00:21]  Migrating Transactions (Batch: 100)...
[2009-06-24 21:00:25]  Migrated: 50
[2009-06-24 21:00:25]  Migrating Transactions (Batch: 101)...
[2009-06-24 21:00:28]  Migrated: 50
[2009-06-24 21:00:28]  Migrating Transactions (Batch: 102)...
[2009-06-24 21:00:32]  Migrated: 50
[2009-06-24 21:00:32]  Migrating Transactions (Batch: 103)...
[2009-06-24 21:00:36]  Migrated: 50
[2009-06-24 21:00:36]  Migrating Transactions (Batch: 104)...
[2009-06-24 21:00:40]  Migrated: 50
[2009-06-24 21:00:41]  Migrating Transactions (Batch: 105)...
[2009-06-24 21:00:45]  Migrated: 50
[2009-06-24 21:00:45]  Migrating Transactions (Batch: 106)...
[2009-06-24 21:00:49]  Migrated: 50
[2009-06-24 21:00:49]  Migrating Transactions (Batch: 107)...
[2009-06-24 21:00:53]  Migrated: 50
[2009-06-24 21:00:53]  Migrating Transactions (Batch: 108)...
[2009-06-24 21:00:57]  Migrated: 50
[2009-06-24 21:00:57]  Migrating Transactions (Batch: 109)...
[2009-06-24 21:01:01]  Migrated: 50
[2009-06-24 21:01:01]  Migrating Transactions (Batch: 110)...
[2009-06-24 21:01:05]  Migrated: 50
[2009-06-24 21:01:05]  Migrating Transactions (Batch: 111)...
[2009-06-24 21:01:09]  Migrated: 50
[2009-06-24 21:01:09]  Migrating Transactions (Batch: 112)...
[2009-06-24 21:01:13]  Migrated: 50
[2009-06-24 21:01:13]  Migrating Transactions (Batch: 113)...
[2009-06-24 21:01:17]  Migrated: 50
[2009-06-24 21:01:17]  Migrating Transactions (Batch: 114)...
[2009-06-24 21:01:21]  Migrated: 50
[2009-06-24 21:01:21]  Migrating Transactions (Batch: 115)...
[2009-06-24 21:01:25]  Migrated: 50
[2009-06-24 21:01:25]  Migrating Transactions (Batch: 116)...
[2009-06-24 21:01:29]  Migrated: 50
[2009-06-24 21:01:29]  Migrating Transactions (Batch: 117)...
[2009-06-24 21:01:33]  Migrated: 50
[2009-06-24 21:01:33]  Migrating Transactions (Batch: 118)...
[2009-06-24 21:01:37]  Migrated: 50
[2009-06-24 21:01:37]  Migrating Transactions (Batch: 119)...
[2009-06-24 21:01:41]  Migrated: 50
[2009-06-24 21:01:41]  Migrating Transactions (Batch: 120)...
[2009-06-24 21:01:45]  Migrated: 50
[2009-06-24 21:01:45]  Migrating Transactions (Batch: 121)...
[2009-06-24 21:01:49]  Migrated: 50
[2009-06-24 21:01:49]  Migrating Transactions (Batch: 122)...
[2009-06-24 21:01:53]  Migrated: 50
[2009-06-24 21:01:53]  Migrating Transactions (Batch: 123)...
[2009-06-24 21:01:57]  Migrated: 50
[2009-06-24 21:01:57]  Migrating Transactions (Batch: 124)...
[2009-06-24 21:02:01]  Migrated: 50
[2009-06-24 21:02:01]  Migrating Transactions (Batch: 125)...
[2009-06-24 21:02:06]  Migrated: 50
[2009-06-24 21:02:06]  Migrating Transactions (Batch: 126)...
[2009-06-24 21:02:10]  Migrated: 50
[2009-06-24 21:02:10]  Migrating Transactions (Batch: 127)...
[2009-06-24 21:02:14]  Migrated: 50
[2009-06-24 21:02:14]  Migrating Transactions (Batch: 128)...
[2009-06-24 21:02:18]  Migrated: 50
[2009-06-24 21:02:18]  Migrating Transactions (Batch: 129)...
[2009-06-24 21:02:22]  Migrated: 50
[2009-06-24 21:02:22]  Migrating Transactions (Batch: 130)...
[2009-06-24 21:02:26]  Migrated: 50
[2009-06-24 21:02:26]  Migrating Transactions (Batch: 131)...
[2009-06-24 21:02:30]  Migrated: 50
[2009-06-24 21:02:30]  Migrating Transactions (Batch: 132)...
[2009-06-24 21:02:34]  Migrated: 50
[2009-06-24 21:02:34]  Migrating Transactions (Batch: 133)...
[2009-06-24 21:02:38]  Migrated: 50
[2009-06-24 21:02:38]  Migrating Transactions (Batch: 134)...
[2009-06-24 21:02:42]  Migrated: 50
[2009-06-24 21:02:42]  Migrating Transactions (Batch: 135)...
[2009-06-24 21:02:46]  Migrated: 50
[2009-06-24 21:02:46]  Migrating Transactions (Batch: 136)...
[2009-06-24 21:02:50]  Migrated: 50
[2009-06-24 21:02:50]  Migrating Transactions (Batch: 137)...
[2009-06-24 21:02:55]  Migrated: 50
[2009-06-24 21:02:55]  Migrating Transactions (Batch: 138)...
[2009-06-24 21:02:59]  Migrated: 50
[2009-06-24 21:02:59]  Migrating Transactions (Batch: 139)...
[2009-06-24 21:03:03]  Migrated: 50
[2009-06-24 21:03:03]  Migrating Transactions (Batch: 140)...
[2009-06-24 21:03:07]  Migrated: 50
[2009-06-24 21:03:07]  Migrating Transactions (Batch: 141)...
[2009-06-24 21:03:11]  Migrated: 50
[2009-06-24 21:03:11]  Migrating Transactions (Batch: 142)...
[2009-06-24 21:03:15]  Migrated: 50
[2009-06-24 21:03:15]  Migrating Transactions (Batch: 143)...
[2009-06-24 21:03:19]  Migrated: 50
[2009-06-24 21:03:19]  Migrating Transactions (Batch: 144)...
[2009-06-24 21:03:23]  Migrated: 50
[2009-06-24 21:03:23]  Migrating Transactions (Batch: 145)...
[2009-06-24 21:03:28]  Migrated: 50
[2009-06-24 21:03:28]  Migrating Transactions (Batch: 146)...
[2009-06-24 21:03:32]  Migrated: 50
[2009-06-24 21:03:32]  Migrating Transactions (Batch: 147)...
[2009-06-24 21:03:36]  Migrated: 50
[2009-06-24 21:03:36]  Migrating Transactions (Batch: 148)...
[2009-06-24 21:03:40]  Migrated: 50
[2009-06-24 21:03:40]  Migrating Transactions (Batch: 149)...
[2009-06-24 21:03:44]  Migrated: 50
[2009-06-24 21:03:44]  Migrating Transactions (Batch: 150)...
[2009-06-24 21:03:48]  Migrated: 50
[2009-06-24 21:03:48]  Migrating Transactions (Batch: 151)...
[2009-06-24 21:03:52]  Migrated: 50
[2009-06-24 21:03:52]  Migrating Transactions (Batch: 152)...
[2009-06-24 21:03:56]  Migrated: 50
[2009-06-24 21:03:56]  Migrating Transactions (Batch: 153)...
[2009-06-24 21:04:00]  Migrated: 50
[2009-06-24 21:04:00]  Migrating Transactions (Batch: 154)...
[2009-06-24 21:04:04]  Migrated: 50
[2009-06-24 21:04:04]  Migrating Transactions (Batch: 155)...
[2009-06-24 21:04:08]  Migrated: 50
[2009-06-24 21:04:08]  Migrating Transactions (Batch: 156)...
[2009-06-24 21:04:12]  Migrated: 50
[2009-06-24 21:04:12]  Migrating Transactions (Batch: 157)...
[2009-06-24 21:04:16]  Migrated: 50
[2009-06-24 21:04:16]  Migrating Transactions (Batch: 158)...
[2009-06-24 21:04:20]  Migrated: 50
[2009-06-24 21:04:20]  Migrating Transactions (Batch: 159)...
[2009-06-24 21:04:24]  Migrated: 50
[2009-06-24 21:04:25]  Migrating Transactions (Batch: 160)...
[2009-06-24 21:04:28]  Migrated: 50
[2009-06-24 21:04:28]  Migrating Transactions (Batch: 161)...
[2009-06-24 21:04:33]  Migrated: 50
[2009-06-24 21:04:33]  Migrating Transactions (Batch: 162)...
[2009-06-24 21:04:33]  Migrated: 6
[2009-06-24 21:04:33]  Done
[2009-06-24 21:09:58]  Migration ended at 21:04:33
[2009-06-24 21:09:58]  *********************************************************

[2009-06-24 21:09:58]  Migration tool closing 7.2 company M/s R.V.PRINTING PRESS...
[2009-06-24 21:09:58]  Closed
[2009-06-30 19:37:07]  Company R.V. PRINTING PRESS opened for Migration...

[2009-06-30 19:37:07]  *********************************************************
[2009-06-30 19:37:07]  Migration start at 19:37:07
[2009-06-30 19:37:07]  Initializing company data...
[2009-06-30 19:37:24]  Migrating Company (Batch: 1)...
[2009-06-30 19:37:24]  Migrated: 0
[2009-06-30 19:37:24]  Altered: 1
[2009-06-30 19:37:24]  Migrating Company (Batch: 2)...
[2009-06-30 19:37:24]  Migrated: 0
[2009-06-30 19:37:24]  Migrating Units (Batch: 1)...
[2009-06-30 19:37:24]  Migrated: 4
[2009-06-30 19:37:24]  Migrating Units (Batch: 2)...
[2009-06-30 19:37:24]  Migrated: 0
[2009-06-30 19:37:24]  Migrating Currency (Batch: 1)...
[2009-06-30 19:37:24]  Migrated: 0
[2009-06-30 19:37:24]  Altered: 2
[2009-06-30 19:37:24]  Migrating Currency (Batch: 2)...
[2009-06-30 19:37:24]  Migrated: 0
[2009-06-30 19:37:26]  Migrating Statutory Masters (Batch: 1)...
[2009-06-30 19:37:26]  Migrated: 50
[2009-06-30 19:37:30]  Migrating Statutory Masters (Batch: 2)...
[2009-06-30 19:37:30]  Migrated: 34
[2009-06-30 19:37:30]  Migrating Statutory Masters (Batch: 3)...
[2009-06-30 19:37:30]  Migrated: 0
[2009-06-30 19:37:31]  Migrating Groups (Batch: 1)...
[2009-06-30 19:37:31]  Migrated: 3
[2009-06-30 19:37:31]  Altered: 28
[2009-06-30 19:37:31]  Migrating Groups (Batch: 2)...
[2009-06-30 19:37:31]  Migrated: 0
[2009-06-30 19:37:34]  Migrating Ledgers (Batch: 1)...
[2009-06-30 19:37:34]  Migrated: 49
[2009-06-30 19:37:34]  Altered: 1
[2009-06-30 19:37:37]  Migrating Ledgers (Batch: 2)...
[2009-06-30 19:37:37]  Migrated: 49
[2009-06-30 19:37:37]  Altered: 1
[2009-06-30 19:37:39]  Migrating Ledgers (Batch: 3)...
[2009-06-30 19:37:39]  Migrated: 50
[2009-06-30 19:37:42]  Migrating Ledgers (Batch: 4)...
[2009-06-30 19:37:42]  Migrated: 50
[2009-06-30 19:37:45]  Migrating Ledgers (Batch: 5)...
[2009-06-30 19:37:45]  Migrated: 50
[2009-06-30 19:37:48]  Migrating Ledgers (Batch: 6)...
[2009-06-30 19:37:48]  Migrated: 50
[2009-06-30 19:37:50]  Migrating Ledgers (Batch: 7)...
[2009-06-30 19:37:50]  Migrated: 50
[2009-06-30 19:37:53]  Migrating Ledgers (Batch: 8)...
[2009-06-30 19:37:53]  Migrated: 50
[2009-06-30 19:37:56]  Migrating Ledgers (Batch: 9)...
[2009-06-30 19:37:56]  Migrated: 50
[2009-06-30 19:37:59]  Migrating Ledgers (Batch: 10)...
[2009-06-30 19:37:59]  Migrated: 50
[2009-06-30 19:38:02]  Migrating Ledgers (Batch: 11)...
[2009-06-30 19:38:02]  Migrated: 50
[2009-06-30 19:38:03]  Migrating Ledgers (Batch: 12)...
[2009-06-30 19:38:03]  Migrated: 4
[2009-06-30 19:38:03]  Migrating Ledgers (Batch: 13)...
[2009-06-30 19:38:03]  Migrated: 0
[2009-06-30 19:38:03]  Migrating Stock Groups (Batch: 1)...
[2009-06-30 19:38:03]  Migrated: 4
[2009-06-30 19:38:03]  Migrating Stock Groups (Batch: 2)...
[2009-06-30 19:38:03]  Migrated: 0
[2009-06-30 19:38:03]  Migrating Stock Categories (Batch: 1)...
[2009-06-30 19:38:03]  Migrated: 1
[2009-06-30 19:38:03]  Migrating Stock Categories (Batch: 2)...
[2009-06-30 19:38:03]  Migrated: 0
[2009-06-30 19:38:04]  Migrating Cost Categories (Batch: 1)...
[2009-06-30 19:38:04]  Migrated: 0
[2009-06-30 19:38:04]  Altered: 1
[2009-06-30 19:38:04]  Migrating Cost Categories (Batch: 2)...
[2009-06-30 19:38:04]  Migrated: 0
[2009-06-30 19:38:04]  Migrating Cost Centers (Batch: 1)...
[2009-06-30 19:38:04]  Migrated: 0
[2009-06-30 19:38:04]  Migrating Attendance Types (Batch: 1)...
[2009-06-30 19:38:04]  Migrated: 0
[2009-06-30 19:38:04]  Migrating Employees (Batch: 1)...
[2009-06-30 19:38:04]  Migrated: 0
[2009-06-30 19:38:04]  Migrating Godowns (Batch: 1)...
[2009-06-30 19:38:04]  Migrated: 0
[2009-06-30 19:38:04]  Altered: 1
[2009-06-30 19:38:04]  Migrating Godowns (Batch: 2)...
[2009-06-30 19:38:04]  Migrated: 0
[2009-06-30 19:38:06]  Migrating Stock Items (Batch: 1)...
[2009-06-30 19:38:06]  Migrated: 34
[2009-06-30 19:38:06]  Migrating Stock Items (Batch: 2)...
[2009-06-30 19:38:06]  Migrated: 0
[2009-06-30 19:38:08]  Migrating Voucher Types (Batch: 1)...
[2009-06-30 19:38:08]  Migrated: 0
[2009-06-30 19:38:08]  Altered: 23
[2009-06-30 19:38:08]  Migrating Voucher Types (Batch: 2)...
[2009-06-30 19:38:08]  Migrated: 0
[2009-06-30 19:38:08]  Migrating Client Rules (Batch: 1)...
[2009-06-30 19:38:08]  Migrated: 0
[2009-06-30 19:38:08]  Migrating Server Rules (Batch: 1)...
[2009-06-30 19:38:08]  Migrated: 0
[2009-06-30 19:38:08]  Migrating Budgets (Batch: 1)...
[2009-06-30 19:38:08]  Migrated: 0
[2009-06-30 19:38:08]  Migrating Transactions (Batch: 1)...
[2009-06-30 19:38:16]  Migrated: 50
[2009-06-30 19:38:16]  Migrating Transactions (Batch: 2)...
[2009-06-30 19:38:27]  Migrated: 50
[2009-06-30 19:38:27]  Migrating Transactions (Batch: 3)...
[2009-06-30 19:38:37]  Migrated: 50
[2009-06-30 19:38:37]  Migrating Transactions (Batch: 4)...
[2009-06-30 19:38:47]  Migrated: 50
[2009-06-30 19:38:47]  Migrating Transactions (Batch: 5)...
[2009-06-30 19:38:57]  Migrated: 50
[2009-06-30 19:38:57]  Migrating Transactions (Batch: 6)...
[2009-06-30 19:39:07]  Migrated: 50
[2009-06-30 19:39:07]  Migrating Transactions (Batch: 7)...
[2009-06-30 19:39:17]  Migrated: 50
[2009-06-30 19:39:17]  Migrating Transactions (Batch: 8)...
[2009-06-30 19:39:27]  Migrated: 50
[2009-06-30 19:39:27]  Migrating Transactions (Batch: 9)...
[2009-06-30 19:39:38]  Migrated: 50
[2009-06-30 19:39:38]  Migrating Transactions (Batch: 10)...
[2009-06-30 19:39:49]  Migrated: 50
[2009-06-30 19:39:49]  Migrating Transactions (Batch: 11)...
[2009-06-30 19:40:00]  Migrated: 50
[2009-06-30 19:40:00]  Migrating Transactions (Batch: 12)...
[2009-06-30 19:40:11]  Migrated: 50
[2009-06-30 19:40:11]  Migrating Transactions (Batch: 13)...
[2009-06-30 19:40:22]  Migrated: 50
[2009-06-30 19:40:22]  Migrating Transactions (Batch: 14)...
[2009-06-30 19:40:34]  Migrated: 50
[2009-06-30 19:40:34]  Migrating Transactions (Batch: 15)...
[2009-06-30 19:40:45]  Migrated: 50
[2009-06-30 19:40:45]  Migrating Transactions (Batch: 16)...
[2009-06-30 19:40:57]  Migrated: 50
[2009-06-30 19:40:57]  Migrating Transactions (Batch: 17)...
[2009-06-30 19:41:08]  Migrated: 50
[2009-06-30 19:41:08]  Migrating Transactions (Batch: 18)...
[2009-06-30 19:41:19]  Migrated: 50
[2009-06-30 19:41:19]  Migrating Transactions (Batch: 19)...
[2009-06-30 19:41:32]  Migrated: 50
[2009-06-30 19:41:32]  Migrating Transactions (Batch: 20)...
[2009-06-30 19:41:44]  Migrated: 50
[2009-06-30 19:41:44]  Migrating Transactions (Batch: 21)...
[2009-06-30 19:41:56]  Migrated: 50
[2009-06-30 19:41:56]  Migrating Transactions (Batch: 22)...
[2009-06-30 19:42:09]  Migrated: 50
[2009-06-30 19:42:09]  Migrating Transactions (Batch: 23)...
[2009-06-30 19:42:21]  Migrated: 50
[2009-06-30 19:42:21]  Migrating Transactions (Batch: 24)...
[2009-06-30 19:42:34]  Migrated: 50
[2009-06-30 19:42:34]  Migrating Transactions (Batch: 25)...
[2009-06-30 19:42:47]  Migrated: 50
[2009-06-30 19:42:47]  Migrating Transactions (Batch: 26)...
[2009-06-30 19:42:59]  Migrated: 50
[2009-06-30 19:42:59]  Migrating Transactions (Batch: 27)...
[2009-06-30 19:43:12]  Migrated: 50
[2009-06-30 19:43:12]  Migrating Transactions (Batch: 28)...
[2009-06-30 19:43:24]  Migrated: 50
[2009-06-30 19:43:24]  Migrating Transactions (Batch: 29)...
[2009-06-30 19:43:37]  Migrated: 50
[2009-06-30 19:43:37]  Migrating Transactions (Batch: 30)...
[2009-06-30 19:43:50]  Migrated: 50
[2009-06-30 19:43:50]  Migrating Transactions (Batch: 31)...
[2009-06-30 19:44:03]  Migrated: 50
[2009-06-30 19:44:03]  Migrating Transactions (Batch: 32)...
[2009-06-30 19:44:16]  Migrated: 50
[2009-06-30 19:44:16]  Migrating Transactions (Batch: 33)...
[2009-06-30 19:44:30]  Migrated: 50
[2009-06-30 19:44:30]  Migrating Transactions (Batch: 34)...
[2009-06-30 19:44:44]  Migrated: 50
[2009-06-30 19:44:44]  Migrating Transactions (Batch: 35)...
[2009-06-30 19:44:57]  Migrated: 50
[2009-06-30 19:44:57]  Migrating Transactions (Batch: 36)...
[2009-06-30 19:45:10]  Migrated: 50
[2009-06-30 19:45:10]  Migrating Transactions (Batch: 37)...
[2009-06-30 19:45:23]  Migrated: 50
[2009-06-30 19:45:23]  Migrating Transactions (Batch: 38)...
[2009-06-30 19:45:37]  Migrated: 50
[2009-06-30 19:45:37]  Migrating Transactions (Batch: 39)...
[2009-06-30 19:45:51]  Migrated: 50
[2009-06-30 19:45:51]  Migrating Transactions (Batch: 40)...
[2009-06-30 19:46:05]  Migrated: 50
[2009-06-30 19:46:05]  Migrating Transactions (Batch: 41)...
[2009-06-30 19:46:19]  Migrated: 50
[2009-06-30 19:46:19]  Migrating Transactions (Batch: 42)...
[2009-06-30 19:46:32]  Migrated: 50
[2009-06-30 19:46:32]  Migrating Transactions (Batch: 43)...
[2009-06-30 19:46:46]  Migrated: 50
[2009-06-30 19:46:46]  Migrating Transactions (Batch: 44)...
[2009-06-30 19:47:00]  Migrated: 50
[2009-06-30 19:47:00]  Migrating Transactions (Batch: 45)...
[2009-06-30 19:47:15]  Migrated: 50
[2009-06-30 19:47:15]  Migrating Transactions (Batch: 46)...
[2009-06-30 19:47:29]  Migrated: 50
[2009-06-30 19:47:29]  Migrating Transactions (Batch: 47)...
[2009-06-30 19:47:43]  Migrated: 50
[2009-06-30 19:47:43]  Migrating Transactions (Batch: 48)...
[2009-06-30 19:47:57]  Migrated: 50
[2009-06-30 19:47:57]  Migrating Transactions (Batch: 49)...
[2009-06-30 19:48:12]  Migrated: 50
[2009-06-30 19:48:12]  Migrating Transactions (Batch: 50)...
[2009-06-30 19:48:26]  Migrated: 50
[2009-06-30 19:48:26]  Migrating Transactions (Batch: 51)...
[2009-06-30 19:48:40]  Migrated: 50
[2009-06-30 19:48:40]  Migrating Transactions (Batch: 52)...
[2009-06-30 19:48:54]  Migrated: 50
[2009-06-30 19:48:54]  Migrating Transactions (Batch: 53)...
[2009-06-30 19:49:10]  Migrated: 50
[2009-06-30 19:49:10]  Migrating Transactions (Batch: 54)...
[2009-06-30 19:49:25]  Migrated: 50
[2009-06-30 19:49:25]  Migrating Transactions (Batch: 55)...
[2009-06-30 19:49:40]  Migrated: 50
[2009-06-30 19:49:40]  Migrating Transactions (Batch: 56)...
[2009-06-30 19:49:55]  Migrated: 50
[2009-06-30 19:49:55]  Migrating Transactions (Batch: 57)...
[2009-06-30 19:50:11]  Migrated: 50
[2009-06-30 19:50:11]  Migrating Transactions (Batch: 58)...
[2009-06-30 19:50:26]  Migrated: 50
[2009-06-30 19:50:26]  Migrating Transactions (Batch: 59)...
[2009-06-30 19:50:41]  Migrated: 50
[2009-06-30 19:50:41]  Migrating Transactions (Batch: 60)...
[2009-06-30 19:50:58]  Migrated: 50
[2009-06-30 19:50:58]  Migrating Transactions (Batch: 61)...
[2009-06-30 19:51:12]  Migrated: 50
[2009-06-30 19:51:12]  Migrating Transactions (Batch: 62)...
[2009-06-30 19:51:28]  Migrated: 50
[2009-06-30 19:51:28]  Migrating Transactions (Batch: 63)...
[2009-06-30 19:51:45]  Migrated: 50
[2009-06-30 19:51:45]  Migrating Transactions (Batch: 64)...
[2009-06-30 19:52:01]  Migrated: 50
[2009-06-30 19:52:01]  Migrating Transactions (Batch: 65)...
[2009-06-30 19:52:17]  Migrated: 50
[2009-06-30 19:52:17]  Migrating Transactions (Batch: 66)...
[2009-06-30 19:52:34]  Migrated: 50
[2009-06-30 19:52:34]  Migrating Transactions (Batch: 67)...
[2009-06-30 19:52:52]  Migrated: 50
[2009-06-30 19:52:52]  Migrating Transactions (Batch: 68)...
[2009-06-30 19:53:10]  Migrated: 50
[2009-06-30 19:53:10]  Migrating Transactions (Batch: 69)...
[2009-06-30 19:53:26]  Migrated: 50
[2009-06-30 19:53:26]  Migrating Transactions (Batch: 70)...
[2009-06-30 19:53:48]  Migrated: 50
[2009-06-30 19:53:48]  Migrating Transactions (Batch: 71)...
[2009-06-30 19:54:06]  Migrated: 50
[2009-06-30 19:54:06]  Migrating Transactions (Batch: 72)...
[2009-06-30 19:54:24]  Migrated: 50
[2009-06-30 19:54:24]  Migrating Transactions (Batch: 73)...
[2009-06-30 19:54:41]  Migrated: 50
[2009-06-30 19:54:41]  Migrating Transactions (Batch: 74)...
[2009-06-30 19:54:58]  Migrated: 50
[2009-06-30 19:54:58]  Migrating Transactions (Batch: 75)...
[2009-06-30 19:55:17]  Migrated: 50
[2009-06-30 19:55:17]  Migrating Transactions (Batch: 76)...
[2009-06-30 19:55:35]  Migrated: 50
[2009-06-30 19:55:35]  Migrating Transactions (Batch: 77)...
[2009-06-30 19:55:52]  Migrated: 50
[2009-06-30 19:55:52]  Migrating Transactions (Batch: 78)...
[2009-06-30 19:56:12]  Migrated: 50
[2009-06-30 19:56:12]  Migrating Transactions (Batch: 79)...
[2009-06-30 19:56:32]  Migrated: 50
[2009-06-30 19:56:32]  Migrating Transactions (Batch: 80)...
[2009-06-30 19:56:49]  Migrated: 50
[2009-06-30 19:56:49]  Migrating Transactions (Batch: 81)...
[2009-06-30 19:57:08]  Migrated: 50
[2009-06-30 19:57:08]  Migrating Transactions (Batch: 82)...
[2009-06-30 19:57:27]  Migrated: 50
[2009-06-30 19:57:27]  Migrating Transactions (Batch: 83)...
[2009-06-30 19:57:44]  Migrated: 50
[2009-06-30 19:57:44]  Migrating Transactions (Batch: 84)...
[2009-06-30 19:58:05]  Migrated: 50
[2009-06-30 19:58:05]  Migrating Transactions (Batch: 85)...
[2009-06-30 19:58:24]  Migrated: 50
[2009-06-30 19:58:24]  Migrating Transactions (Batch: 86)...
[2009-06-30 19:58:42]  Migrated: 50
[2009-06-30 19:58:42]  Migrating Transactions (Batch: 87)...
[2009-06-30 19:59:01]  Migrated: 50
[2009-06-30 19:59:01]  Migrating Transactions (Batch: 88)...
[2009-06-30 19:59:20]  Migrated: 50
[2009-06-30 19:59:20]  Migrating Transactions (Batch: 89)...
[2009-06-30 19:59:40]  Migrated: 50
[2009-06-30 19:59:40]  Migrating Transactions (Batch: 90)...
[2009-06-30 19:59:58]  Migrated: 50
[2009-06-30 19:59:58]  Migrating Transactions (Batch: 91)...
[2009-06-30 20:00:18]  Migrated: 50
[2009-06-30 20:00:18]  Migrating Transactions (Batch: 92)...
[2009-06-30 20:00:37]  Migrated: 50
[2009-06-30 20:00:37]  Migrating Transactions (Batch: 93)...
[2009-06-30 20:00:56]  Migrated: 50
[2009-06-30 20:00:56]  Migrating Transactions (Batch: 94)...
[2009-06-30 20:01:14]  Migrated: 50
[2009-06-30 20:01:14]  Migrating Transactions (Batch: 95)...
[2009-06-30 20:01:32]  Migrated: 50
[2009-06-30 20:01:32]  Migrating Transactions (Batch: 96)...
[2009-06-30 20:01:51]  Migrated: 50
[2009-06-30 20:01:51]  Migrating Transactions (Batch: 97)...
[2009-06-30 20:02:08]  Migrated: 50
[2009-06-30 20:02:08]  Migrating Transactions (Batch: 98)...
[2009-06-30 20:02:26]  Migrated: 50
[2009-06-30 20:02:26]  Migrating Transactions (Batch: 99)...
[2009-06-30 20:02:46]  Migrated: 50
[2009-06-30 20:02:46]  Migrating Transactions (Batch: 100)...
[2009-06-30 20:03:07]  Migrated: 50
[2009-06-30 20:03:07]  Migrating Transactions (Batch: 101)...
[2009-06-30 20:03:25]  Migrated: 50
[2009-06-30 20:03:25]  Migrating Transactions (Batch: 102)...
[2009-06-30 20:03:45]  Migrated: 50
[2009-06-30 20:03:45]  Migrating Transactions (Batch: 103)...
[2009-06-30 20:04:05]  Migrated: 50
[2009-06-30 20:04:05]  Migrating Transactions (Batch: 104)...
[2009-06-30 20:04:25]  Migrated: 50
[2009-06-30 20:04:25]  Migrating Transactions (Batch: 105)...
[2009-06-30 20:04:42]  Migrated: 50
[2009-06-30 20:04:42]  Migrating Transactions (Batch: 106)...
[2009-06-30 20:05:01]  Migrated: 50
[2009-06-30 20:05:01]  Migrating Transactions (Batch: 107)...
[2009-06-30 20:05:20]  Migrated: 50
[2009-06-30 20:05:20]  Migrating Transactions (Batch: 108)...
[2009-06-30 20:05:37]  Migrated: 50
[2009-06-30 20:05:37]  Migrating Transactions (Batch: 109)...
[2009-06-30 20:05:58]  Migrated: 50
[2009-06-30 20:05:58]  Migrating Transactions (Batch: 110)...
[2009-06-30 20:06:20]  Migrated: 50
[2009-06-30 20:06:20]  Migrating Transactions (Batch: 111)...
[2009-06-30 20:06:46]  Migrated: 50
[2009-06-30 20:06:46]  Migrating Transactions (Batch: 112)...
[2009-06-30 20:07:13]  Migrated: 50
[2009-06-30 20:07:13]  Migrating Transactions (Batch: 113)...
[2009-06-30 20:07:40]  Migrated: 50
[2009-06-30 20:07:40]  Migrating Transactions (Batch: 114)...
[2009-06-30 20:08:09]  Migrated: 50
[2009-06-30 20:08:09]  Migrating Transactions (Batch: 115)...
[2009-06-30 20:08:39]  Migrated: 50
[2009-06-30 20:08:39]  Migrating Transactions (Batch: 116)...
[2009-06-30 20:09:08]  Migrated: 50
[2009-06-30 20:09:08]  Migrating Transactions (Batch: 117)...
[2009-06-30 20:09:36]  Migrated: 50
[2009-06-30 20:09:36]  Migrating Transactions (Batch: 118)...
[2009-06-30 20:10:06]  Migrated: 50
[2009-06-30 20:10:06]  Migrating Transactions (Batch: 119)...
[2009-06-30 20:10:36]  Migrated: 50
[2009-06-30 20:10:36]  Migrating Transactions (Batch: 120)...
[2009-06-30 20:11:05]  Migrated: 50
[2009-06-30 20:11:05]  Migrating Transactions (Batch: 121)...
[2009-06-30 20:11:34]  Migrated: 50
[2009-06-30 20:11:34]  Migrating Transactions (Batch: 122)...
[2009-06-30 20:12:03]  Migrated: 50
[2009-06-30 20:12:03]  Migrating Transactions (Batch: 123)...
[2009-06-30 20:12:31]  Migrated: 50
[2009-06-30 20:12:31]  Migrating Transactions (Batch: 124)...
[2009-06-30 20:13:01]  Migrated: 50
[2009-06-30 20:13:01]  Migrating Transactions (Batch: 125)...
[2009-06-30 20:13:30]  Migrated: 50
[2009-06-30 20:13:30]  Done
[2009-06-30 20:22:05]  Migration ended at 20:13:30
[2009-06-30 20:22:05]  *********************************************************

[2009-06-30 20:22:05]  Migration tool closing 7.2 company R.V. PRINTING PRESS...
[2009-06-30 20:22:06]  Closed
